01:17:15 **** Incremental Build of configuration Debug for project TP2 ****
Info: Internal Builder is used for build
gcc -O0 -g3 -Wall -c -fmessage-length=0 -o "src\\ArrayEmployees.o" "..\\src\\ArrayEmployees.c" 
..\src\ArrayEmployees.c:234:1: warning: "/*" within comment [-Wcomment]
  234 | /* \brief Sort the elements in the array of employees, the argument order
      |  
gcc -o TP2.exe "src\\ArrayEmployees.o" "src\\TP2.o" "src\\utn.o" 
01:17:26 **** Incremental Build of configuration Debug for project TP2 ****
Info: Internal Builder is used for build
gcc -O0 -g3 -Wall -c -fmessage-length=0 -o "src\\ArrayEmployees.o" "..\\src\\ArrayEmployees.c" 
gcc -o TP2.exe "src\\ArrayEmployees.o" "src\\TP2.o" "src\\utn.o" 
Info: Nothing to build for TP2
01:19:04 **** Incremental Build of configuration Debug for project TP2 ****
Info: Internal Builder is used for build
gcc -O0 -g3 -Wall -c -fmessage-length=0 -o "src\\TP2.o" "..\\src\\TP2.c" 
gcc -O0 -g3 -Wall -c -fmessage-length=0 -o "src\\ArrayEmployees.o" "..\\src\\ArrayEmployees.c" 
..\src\ArrayEmployees.c:234:1: warning: "/*" within comment [-Wcomment]
  234 | /* \brief Sort the elements in the array of employees, the argument order
      |  
gcc -o TP2.exe "src\\ArrayEmployees.o" "src\\TP2.o" "src\\utn.o" 
c:/mingw/bin/../lib/gcc/mingw32/9.2.0/../../../../mingw32/bin/ld.exe: cannot open output file TP2.exe: Permission denied
collect2.exe: error: ld returned 1 exit status
01:19:09 **** Incremental Build of configuration Debug for project TP2 ****
Info: Internal Builder is used for build
gcc -o TP2.exe "src\\ArrayEmployees.o" "src\\TP2.o" "src\\utn.o" 
Info: Nothing to build for TP2
Info: Nothing to build for TP2
Info: Nothing to build for TP2
Info: Nothing to build for TP2
Info: Nothing to build for TP2
Info: Nothing to build for TP2
21:46:29 **** Incremental Build of configuration Debug for project TP2 ****
Info: Internal Builder is used for build
gcc -O0 -g3 -Wall -c -fmessage-length=0 -o "src\\TP2.o" "..\\src\\TP2.c" 
gcc -O0 -g3 -Wall -c -fmessage-length=0 -o "src\\ArrayEmployees.o" "..\\src\\ArrayEmployees.c" 
..\src\ArrayEmployees.c:234:1: warning: "/*" within comment [-Wcomment]
  234 | /* \brief Sort the elements in the array of employees, the argument order
      |  
gcc -o TP2.exe "src\\ArrayEmployees.o" "src\\TP2.o" "src\\utn.o" 
21:47:01 **** Incremental Build of configuration Debug for project TP2 ****
Info: Internal Builder is used for build
gcc -O0 -g3 -Wall -c -fmessage-length=0 -o "src\\ArrayEmployees.o" "..\\src\\ArrayEmployees.c" 
gcc -o TP2.exe "src\\ArrayEmployees.o" "src\\TP2.o" "src\\utn.o" 
c:/mingw/bin/../lib/gcc/mingw32/9.2.0/../../../../mingw32/bin/ld.exe: cannot open output file TP2.exe: Permission denied
collect2.exe: error: ld returned 1 exit status
21:47:03 **** Incremental Build of configuration Debug for project TP2 ****
Info: Internal Builder is used for build
gcc -o TP2.exe "src\\ArrayEmployees.o" "src\\TP2.o" "src\\utn.o" 
Info: Nothing to build for TP2
22:07:09 **** Incremental Build of configuration Debug for project TP2 ****
Info: Internal Builder is used for build
gcc -O0 -g3 -Wall -c -fmessage-length=0 -o "src\\ArrayEmployees.o" "..\\src\\ArrayEmployees.c" 
gcc -o TP2.exe "src\\ArrayEmployees.o" "src\\TP2.o" "src\\utn.o" 
22:56:27 **** Incremental Build of configuration Debug for project TP2 ****
Info: Internal Builder is used for build
gcc -O0 -g3 -Wall -c -fmessage-length=0 -o "src\\TP2.o" "..\\src\\TP2.c" 
..\src\TP2.c: In function 'main':
..\src\TP2.c:34:218: error: 'opcion' undeclared (first use in this function); did you mean 'option'?
   34 |   if(utn_getNumberInt("Welcome to the system, choice an option: \n\n1 - Register employee\n2 - Modify registry\n3 - Remove employee\n4 - Report\n5 - Get out of the system","\nError. Elija una opción válida (1-5)\n", &opcion, 2, 1, 5)==0)
      |                                                                                                                                                                                                                          ^~~~~~
      |                                                                                                                                                                                                                          option
..\src\TP2.c:34:218: note: each undeclared identifier is reported only once for each function it appears in
..\src\TP2.c:81:6: error: duplicate case value
   81 |      case 2:
      |      ^~~~
..\src\TP2.c:45:4: note: previously used here
   45 |    case 2:
      |    ^~~~
22:56:35 **** Incremental Build of configuration Debug for project TP2 ****
Info: Internal Builder is used for build
gcc -O0 -g3 -Wall -c -fmessage-length=0 -o "src\\TP2.o" "..\\src\\TP2.c" 
..\src\TP2.c: In function 'main':
..\src\TP2.c:81:6: error: duplicate case value
   81 |      case 2:
      |      ^~~~
..\src\TP2.c:45:4: note: previously used here
   45 |    case 2:
      |    ^~~~
22:57:26 **** Incremental Build of configuration Debug for project TP2 ****
Info: Internal Builder is used for build
gcc -O0 -g3 -Wall -c -fmessage-length=0 -o "src\\utn.o" "..\\src\\utn.c" 
gcc -O0 -g3 -Wall -c -fmessage-length=0 -o "src\\TP2.o" "..\\src\\TP2.c" 
..\src\TP2.c: In function 'main':
..\src\TP2.c:81:6: error: duplicate case value
   81 |      case 3:
      |      ^~~~
..\src\TP2.c:57:4: note: previously used here
   57 |    case 3:
      |    ^~~~
22:57:56 **** Incremental Build of configuration Debug for project TP2 ****
Info: Internal Builder is used for build
gcc -O0 -g3 -Wall -c -fmessage-length=0 -o "src\\TP2.o" "..\\src\\TP2.c" 
gcc -o TP2.exe "src\\ArrayEmployees.o" "src\\TP2.o" "src\\utn.o" 
Info: Nothing to build for TP2
Info: Nothing to build for TP2
22:59:27 **** Incremental Build of configuration Debug for project TP2 ****
Info: Internal Builder is used for build
gcc -O0 -g3 -Wall -c -fmessage-length=0 -o "src\\TP2.o" "..\\src\\TP2.c" 
..\src\TP2.c: In function 'main':
..\src\TP2.c:81:6: error: duplicate case value
   81 |      case 2:
      |      ^~~~
..\src\TP2.c:45:4: note: previously used here
   45 |    case 2:
      |    ^~~~
22:59:40 **** Incremental Build of configuration Debug for project TP2 ****
Info: Internal Builder is used for build
gcc -O0 -g3 -Wall -c -fmessage-length=0 -o "src\\TP2.o" "..\\src\\TP2.c" 
..\src\TP2.c: In function 'main':
..\src\TP2.c:75:11: error: 'A' undeclared (first use in this function)
   75 |      case A:
      |           ^
..\src\TP2.c:75:11: note: each undeclared identifier is reported only once for each function it appears in
..\src\TP2.c:81:11: error: 'B' undeclared (first use in this function)
   81 |      case B:
      |           ^
22:59:47 **** Incremental Build of configuration Debug for project TP2 ****
Info: Internal Builder is used for build
gcc -O0 -g3 -Wall -c -fmessage-length=0 -o "src\\TP2.o" "..\\src\\TP2.c" 
..\src\TP2.c: In function 'main':
..\src\TP2.c:81:6: error: duplicate case value
   81 |      case 2:
      |      ^~~~
..\src\TP2.c:45:4: note: previously used here
   45 |    case 2:
      |    ^~~~
23:00:27 **** Incremental Build of configuration Debug for project TP2 ****
Info: Internal Builder is used for build
gcc -O0 -g3 -Wall -c -fmessage-length=0 -o "src\\TP2.o" "..\\src\\TP2.c" 
gcc -o TP2.exe "src\\ArrayEmployees.o" "src\\TP2.o" "src\\utn.o" 
c:/mingw/bin/../lib/gcc/mingw32/9.2.0/../../../../mingw32/bin/ld.exe: cannot open output file TP2.exe: Permission denied
collect2.exe: error: ld returned 1 exit status
23:00:29 **** Incremental Build of configuration Debug for project TP2 ****
Info: Internal Builder is used for build
gcc -o TP2.exe "src\\ArrayEmployees.o" "src\\TP2.o" "src\\utn.o" 
23:01:40 **** Incremental Build of configuration Debug for project TP2 ****
Info: Internal Builder is used for build
gcc -O0 -g3 -Wall -c -fmessage-length=0 -o "src\\TP2.o" "..\\src\\TP2.c" 
gcc -o TP2.exe "src\\ArrayEmployees.o" "src\\TP2.o" "src\\utn.o" 
Info: Nothing to build for TP2
23:06:29 **** Incremental Build of configuration Debug for project TP2 ****
Info: Internal Builder is used for build
gcc -O0 -g3 -Wall -c -fmessage-length=0 -o "src\\TP2.o" "..\\src\\TP2.c" 
gcc -o TP2.exe "src\\ArrayEmployees.o" "src\\TP2.o" "src\\utn.o" 
23:08:08 **** Incremental Build of configuration Debug for project TP2 ****
Info: Internal Builder is used for build
gcc -O0 -g3 -Wall -c -fmessage-length=0 -o "src\\TP2.o" "..\\src\\TP2.c" 
gcc -o TP2.exe "src\\ArrayEmployees.o" "src\\TP2.o" "src\\utn.o" 
23:09:10 **** Incremental Build of configuration Debug for project TP2 ****
Info: Internal Builder is used for build
gcc -O0 -g3 -Wall -c -fmessage-length=0 -o "src\\TP2.o" "..\\src\\TP2.c" 
gcc -o TP2.exe "src\\ArrayEmployees.o" "src\\TP2.o" "src\\utn.o" 
23:23:33 **** Incremental Build of configuration Debug for project TP2 ****
Info: Internal Builder is used for build
gcc -O0 -g3 -Wall -c -fmessage-length=0 -o "src\\TP2.o" "..\\src\\TP2.c" 
gcc -o TP2.exe "src\\ArrayEmployees.o" "src\\TP2.o" "src\\utn.o" 
c:/mingw/bin/../lib/gcc/mingw32/9.2.0/../../../../mingw32/bin/ld.exe: cannot open output file TP2.exe: Permission denied
collect2.exe: error: ld returned 1 exit status
23:23:35 **** Incremental Build of configuration Debug for project TP2 ****
Info: Internal Builder is used for build
gcc -o TP2.exe "src\\ArrayEmployees.o" "src\\TP2.o" "src\\utn.o" 
23:26:30 **** Incremental Build of configuration Debug for project TP2 ****
Info: Internal Builder is used for build
gcc -O0 -g3 -Wall -c -fmessage-length=0 -o "src\\TP2.o" "..\\src\\TP2.c" 
gcc -o TP2.exe "src\\ArrayEmployees.o" "src\\TP2.o" "src\\utn.o" 
23:40:07 **** Incremental Build of configuration Debug for project TP2 ****
Info: Internal Builder is used for build
gcc -O0 -g3 -Wall -c -fmessage-length=0 -o "src\\ArrayEmployees.o" "..\\src\\ArrayEmployees.c" 
gcc -o TP2.exe "src\\ArrayEmployees.o" "src\\TP2.o" "src\\utn.o" 
c:/mingw/bin/../lib/gcc/mingw32/9.2.0/../../../../mingw32/bin/ld.exe: src\TP2.o: in function `main':
C:\Users\Hzkr\eclipse-workspace\Laboratorio_2020_1H_Ejercicios\TP2\Debug/../src/TP2.c:18: multiple definition of `main'; src\ArrayEmployees.o:C:\Users\Hzkr\eclipse-workspace\Laboratorio_2020_1H_Ejercicios\TP2\Debug/../src/ArrayEmployees.c:313: first defined here
collect2.exe: error: ld returned 1 exit status
23:42:20 **** Incremental Build of configuration Debug for project TP2 ****
Info: Internal Builder is used for build
gcc -O0 -g3 -Wall -c -fmessage-length=0 -o "src\\ArrayEmployees.o" "..\\src\\ArrayEmployees.c" 
gcc -o TP2.exe "src\\ArrayEmployees.o" "src\\TP2.o" "src\\utn.o" 
c:/mingw/bin/../lib/gcc/mingw32/9.2.0/../../../../mingw32/bin/ld.exe: src\TP2.o: in function `main':
C:\Users\Hzkr\eclipse-workspace\Laboratorio_2020_1H_Ejercicios\TP2\Debug/../src/TP2.c:18: multiple definition of `main'; src\ArrayEmployees.o:C:\Users\Hzkr\eclipse-workspace\Laboratorio_2020_1H_Ejercicios\TP2\Debug/../src/ArrayEmployees.c:314: first defined here
collect2.exe: error: ld returned 1 exit status
23:44:46 **** Incremental Build of configuration Debug for project TP2 ****
Info: Internal Builder is used for build
gcc -O0 -g3 -Wall -c -fmessage-length=0 -o "src\\ArrayEmployees.o" "..\\src\\ArrayEmployees.c" 
gcc -o TP2.exe "src\\ArrayEmployees.o" "src\\TP2.o" "src\\utn.o" 
23:47:33 **** Incremental Build of configuration Debug for project TP2 ****
Info: Internal Builder is used for build
gcc -O0 -g3 -Wall -c -fmessage-length=0 -o "src\\TP2.o" "..\\src\\TP2.c" 
..\src\TP2.c: In function 'main':
..\src\TP2.c:101:78: warning: passing argument 3 of 'employee_calculateTotalAndAverageSalary' from incompatible pointer type [-Wincompatible-pointer-types]
  101 |       employee_calculateTotalAndAverageSalary(arrayEmployees, QTY_EMPLOYEES, &totalSalary, &averageSalary);
      |                                                                              ^~~~~~~~~~~~
      |                                                                              |
      |                                                                              int *
In file included from ..\src\TP2.c:14:
..\src\ArrayEmployees.h:32:83: note: expected 'float *' but argument is of type 'int *'
   32 | int employee_calculateTotalAndAverageSalary(Employee* pArrayList, int len, float* pTotalSalary, float* pAverageSalary);
      |                                                                            ~~~~~~~^~~~~~~~~~~~
..\src\TP2.c:101:92: warning: passing argument 4 of 'employee_calculateTotalAndAverageSalary' from incompatible pointer type [-Wincompatible-pointer-types]
  101 |       employee_calculateTotalAndAverageSalary(arrayEmployees, QTY_EMPLOYEES, &totalSalary, &averageSalary);
      |                                                                                            ^~~~~~~~~~~~~~
      |                                                                                            |
      |                                                                                            int *
In file included from ..\src\TP2.c:14:
..\src\ArrayEmployees.h:32:104: note: expected 'float *' but argument is of type 'int *'
   32 | int employee_calculateTotalAndAverageSalary(Employee* pArrayList, int len, float* pTotalSalary, float* pAverageSalary);
      |                                                                                                 ~~~~~~~^~~~~~~~~~~~~~
gcc -O0 -g3 -Wall -c -fmessage-length=0 -o "src\\ArrayEmployees.o" "..\\src\\ArrayEmployees.c" 
gcc -o TP2.exe "src\\ArrayEmployees.o" "src\\TP2.o" "src\\utn.o" 
23:47:43 **** Incremental Build of configuration Debug for project TP2 ****
Info: Internal Builder is used for build
gcc -O0 -g3 -Wall -c -fmessage-length=0 -o "src\\TP2.o" "..\\src\\TP2.c" 
gcc -o TP2.exe "src\\ArrayEmployees.o" "src\\TP2.o" "src\\utn.o" 
Info: Nothing to build for TP2
23:55:20 **** Incremental Build of configuration Debug for project TP2 ****
Info: Internal Builder is used for build
gcc -O0 -g3 -Wall -c -fmessage-length=0 -o "src\\TP2.o" "..\\src\\TP2.c" 
gcc -O0 -g3 -Wall -c -fmessage-length=0 -o "src\\ArrayEmployees.o" "..\\src\\ArrayEmployees.c" 
gcc -o TP2.exe "src\\ArrayEmployees.o" "src\\TP2.o" "src\\utn.o" 
23:59:30 **** Incremental Build of configuration Debug for project TP2 ****
Info: Internal Builder is used for build
gcc -O0 -g3 -Wall -c -fmessage-length=0 -o "src\\TP2.o" "..\\src\\TP2.c" 
gcc -o TP2.exe "src\\ArrayEmployees.o" "src\\TP2.o" "src\\utn.o" 
Info: Nothing to build for TP2
Info: Nothing to build for TP2
00:01:42 **** Incremental Build of configuration Debug for project TP2 ****
Info: Internal Builder is used for build
gcc -O0 -g3 -Wall -c -fmessage-length=0 -o "src\\TP2.o" "..\\src\\TP2.c" 
..\src\TP2.c: In function 'main':
..\src\TP2.c:102:94: error: 'i' undeclared (first use in this function)
  102 |       employee_calculateTotalAndAverageSalary(arrayEmployees, QTY_EMPLOYEES, &arrayEmployees[i].salary, &arrayEmployees[i].salary);
      |                                                                                              ^
..\src\TP2.c:102:94: note: each undeclared identifier is reported only once for each function it appears in
00:02:02 **** Incremental Build of configuration Debug for project TP2 ****
Info: Internal Builder is used for build
gcc -O0 -g3 -Wall -c -fmessage-length=0 -o "src\\TP2.o" "..\\src\\TP2.c" 
..\src\TP2.c: In function 'main':
..\src\TP2.c:102:94: error: expected expression before ']' token
  102 |       employee_calculateTotalAndAverageSalary(arrayEmployees, QTY_EMPLOYEES, &arrayEmployees[].salary, &arrayEmployees[].salary);
      |                                                                                              ^
00:02:24 **** Incremental Build of configuration Debug for project TP2 ****
Info: Internal Builder is used for build
gcc -O0 -g3 -Wall -c -fmessage-length=0 -o "src\\TP2.o" "..\\src\\TP2.c" 
gcc -o TP2.exe "src\\ArrayEmployees.o" "src\\TP2.o" "src\\utn.o" 
00:03:24 **** Incremental Build of configuration Debug for project TP2 ****
Info: Internal Builder is used for build
gcc -O0 -g3 -Wall -c -fmessage-length=0 -o "src\\TP2.o" "..\\src\\TP2.c" 
..\src\TP2.c: In function 'main':
..\src\TP2.c:102:78: error: 'ASD' undeclared (first use in this function)
  102 |       employee_calculateTotalAndAverageSalary(arrayEmployees, QTY_EMPLOYEES, ASD, ASD);
      |                                                                              ^~~
..\src\TP2.c:102:78: note: each undeclared identifier is reported only once for each function it appears in
..\src\TP2.c:33:8: warning: unused variable 'averageSalary' [-Wunused-variable]
   33 |  float averageSalary;
      |        ^~~~~~~~~~~~~
..\src\TP2.c:32:8: warning: unused variable 'totalSalary' [-Wunused-variable]
   32 |  float totalSalary;
      |        ^~~~~~~~~~~
00:03:38 **** Incremental Build of configuration Debug for project TP2 ****
Info: Internal Builder is used for build
gcc -O0 -g3 -Wall -c -fmessage-length=0 -o "src\\TP2.o" "..\\src\\TP2.c" 
gcc -o TP2.exe "src\\ArrayEmployees.o" "src\\TP2.o" "src\\utn.o" 
Info: Nothing to build for TP2
00:11:12 **** Incremental Build of configuration Debug for project TP2 ****
Info: Internal Builder is used for build
gcc -O0 -g3 -Wall -c -fmessage-length=0 -o "src\\TP2.o" "..\\src\\TP2.c" 
gcc -o TP2.exe "src\\ArrayEmployees.o" "src\\TP2.o" "src\\utn.o" 
Info: Nothing to build for TP2
00:12:52 **** Incremental Build of configuration Debug for project TP2 ****
Info: Internal Builder is used for build
gcc -O0 -g3 -Wall -c -fmessage-length=0 -o "src\\TP2.o" "..\\src\\TP2.c" 
gcc -o TP2.exe "src\\ArrayEmployees.o" "src\\TP2.o" "src\\utn.o" 
Info: Nothing to build for TP2
00:15:50 **** Incremental Build of configuration Debug for project TP2 ****
Info: Internal Builder is used for build
gcc -O0 -g3 -Wall -c -fmessage-length=0 -o "src\\TP2.o" "..\\src\\TP2.c" 
gcc -o TP2.exe "src\\ArrayEmployees.o" "src\\TP2.o" "src\\utn.o" 
Info: Nothing to build for TP2
00:16:00 **** Incremental Build of configuration Debug for project TP2 ****
Info: Internal Builder is used for build
gcc -O0 -g3 -Wall -c -fmessage-length=0 -o "src\\TP2.o" "..\\src\\TP2.c" 
gcc -o TP2.exe "src\\ArrayEmployees.o" "src\\TP2.o" "src\\utn.o" 
Info: Nothing to build for TP2
00:16:27 **** Incremental Build of configuration Debug for project TP2 ****
Info: Internal Builder is used for build
gcc -O0 -g3 -Wall -c -fmessage-length=0 -o "src\\TP2.o" "..\\src\\TP2.c" 
gcc -o TP2.exe "src\\ArrayEmployees.o" "src\\TP2.o" "src\\utn.o" 
Info: Nothing to build for TP2
00:19:36 **** Incremental Build of configuration Debug for project TP2 ****
Info: Internal Builder is used for build
gcc -O0 -g3 -Wall -c -fmessage-length=0 -o "src\\TP2.o" "..\\src\\TP2.c" 
..\src\TP2.c: In function 'employee_calculateTotalAndAverageSalary':
..\src\TP2.c:128:22: warning: format '%f' expects argument of type 'double', but argument 2 has type 'float *' [-Wformat=]
  128 |   printf("promedio: %f\n",pAverageSalary);
      |                     ~^    ~~~~~~~~~~~~~~
      |                      |    |
      |                      |    float *
      |                      double
..\src\TP2.c:129:19: warning: format '%f' expects argument of type 'double', but argument 2 has type 'float *' [-Wformat=]
  129 |   printf("total: %f\n",pTotalSalary);
      |                  ~^    ~~~~~~~~~~~~
      |                   |    |
      |                   |    float *
      |                   double
gcc -o TP2.exe "src\\ArrayEmployees.o" "src\\TP2.o" "src\\utn.o" 
00:20:03 **** Incremental Build of configuration Debug for project TP2 ****
Info: Internal Builder is used for build
gcc -O0 -g3 -Wall -c -fmessage-length=0 -o "src\\TP2.o" "..\\src\\TP2.c" 
gcc -o TP2.exe "src\\ArrayEmployees.o" "src\\TP2.o" "src\\utn.o" 
Info: Nothing to build for TP2
00:20:51 **** Incremental Build of configuration Debug for project TP2 ****
Info: Internal Builder is used for build
gcc -O0 -g3 -Wall -c -fmessage-length=0 -o "src\\TP2.o" "..\\src\\TP2.c" 
gcc -o TP2.exe "src\\ArrayEmployees.o" "src\\TP2.o" "src\\utn.o" 
00:34:21 **** Incremental Build of configuration Debug for project TP2 ****
Info: Internal Builder is used for build
gcc -O0 -g3 -Wall -c -fmessage-length=0 -o "src\\TP2.o" "..\\src\\TP2.c" 
gcc -o TP2.exe "src\\ArrayEmployees.o" "src\\TP2.o" "src\\utn.o" 
00:42:08 **** Incremental Build of configuration Debug for project TP2 ****
Info: Internal Builder is used for build
gcc -O0 -g3 -Wall -c -fmessage-length=0 -o "src\\TP2.o" "..\\src\\TP2.c" 
gcc -O0 -g3 -Wall -c -fmessage-length=0 -o "src\\ArrayEmployees.o" "..\\src\\ArrayEmployees.c" 
gcc -o TP2.exe "src\\ArrayEmployees.o" "src\\TP2.o" "src\\utn.o" 
c:/mingw/bin/../lib/gcc/mingw32/9.2.0/../../../../mingw32/bin/ld.exe: cannot open output file TP2.exe: Permission denied
collect2.exe: error: ld returned 1 exit status
00:42:11 **** Incremental Build of configuration Debug for project TP2 ****
Info: Internal Builder is used for build
gcc -o TP2.exe "src\\ArrayEmployees.o" "src\\TP2.o" "src\\utn.o" 
Info: Nothing to build for TP2
00:48:16 **** Incremental Build of configuration Debug for project TP2 ****
Info: Internal Builder is used for build
gcc -O0 -g3 -Wall -c -fmessage-length=0 -o "src\\ArrayEmployees.o" "..\\src\\ArrayEmployees.c" 
..\src\ArrayEmployees.c: In function 'employee_sortEmployees':
..\src\ArrayEmployees.c:272:77: error: expected identifier before '(' token
  272 |      if(strcmp(pArrayList[i].lastName, pArrayList[i+1].lastName)== sort) && (pArrayList[i].sector > pArrayList[i+1].sector || pArrayList[i].sector < pArrayList[i+1].sector))
      |                                                                             ^
..\src\ArrayEmployees.c:272:6: warning: this 'if' clause does not guard... [-Wmisleading-indentation]
  272 |      if(strcmp(pArrayList[i].lastName, pArrayList[i+1].lastName)== sort) && (pArrayList[i].sector > pArrayList[i+1].sector || pArrayList[i].sector < pArrayList[i+1].sector))
      |      ^~
..\src\ArrayEmployees.c:272:173: note: ...this statement, but the latter is misleadingly indented as if it were guarded by the 'if'
  272 |      if(strcmp(pArrayList[i].lastName, pArrayList[i+1].lastName)== sort) && (pArrayList[i].sector > pArrayList[i+1].sector || pArrayList[i].sector < pArrayList[i+1].sector))
      |                                                                                                                                                                             ^
..\src\ArrayEmployees.c:272:173: error: expected statement before ')' token
00:48:21 **** Incremental Build of configuration Debug for project TP2 ****
Info: Internal Builder is used for build
gcc -O0 -g3 -Wall -c -fmessage-length=0 -o "src\\ArrayEmployees.o" "..\\src\\ArrayEmployees.c" 
..\src\ArrayEmployees.c: In function 'employee_sortEmployees':
..\src\ArrayEmployees.c:272:77: error: expected identifier before '(' token
  272 |      if(strcmp(pArrayList[i].lastName, pArrayList[i+1].lastName)== sort) && (pArrayList[i].sector > pArrayList[i+1].sector || pArrayList[i].sector < pArrayList[i+1].sector)
      |                                                                             ^
..\src\ArrayEmployees.c:260:11: warning: unused variable 'bufferEmployee' [-Wunused-variable]
  260 |  Employee bufferEmployee;
      |           ^~~~~~~~~~~~~~
00:48:36 **** Incremental Build of configuration Debug for project TP2 ****
Info: Internal Builder is used for build
gcc -O0 -g3 -Wall -c -fmessage-length=0 -o "src\\ArrayEmployees.o" "..\\src\\ArrayEmployees.c" 
..\src\ArrayEmployees.c: In function 'employee_sortEmployees':
..\src\ArrayEmployees.c:272:77: error: expected identifier before '(' token
  272 |      if(strcmp(pArrayList[i].lastName, pArrayList[i+1].lastName)== sort) && (pArrayList[i].sector > pArrayList[i+1].sector || pArrayList[i].sector < pArrayList[i+1].sector))
      |                                                                             ^
..\src\ArrayEmployees.c:272:6: warning: this 'if' clause does not guard... [-Wmisleading-indentation]
  272 |      if(strcmp(pArrayList[i].lastName, pArrayList[i+1].lastName)== sort) && (pArrayList[i].sector > pArrayList[i+1].sector || pArrayList[i].sector < pArrayList[i+1].sector))
      |      ^~
..\src\ArrayEmployees.c:272:173: note: ...this statement, but the latter is misleadingly indented as if it were guarded by the 'if'
  272 |      if(strcmp(pArrayList[i].lastName, pArrayList[i+1].lastName)== sort) && (pArrayList[i].sector > pArrayList[i+1].sector || pArrayList[i].sector < pArrayList[i+1].sector))
      |                                                                                                                                                                             ^
..\src\ArrayEmployees.c:272:173: error: expected statement before ')' token
00:49:07 **** Incremental Build of configuration Debug for project TP2 ****
Info: Internal Builder is used for build
gcc -O0 -g3 -Wall -c -fmessage-length=0 -o "src\\ArrayEmployees.o" "..\\src\\ArrayEmployees.c" 
..\src\ArrayEmployees.c: In function 'employee_sortEmployees':
..\src\ArrayEmployees.c:272:77: error: expected identifier before '(' token
  272 |      if(strcmp(pArrayList[i].lastName, pArrayList[i+1].lastName)== sort) && (pArrayList[i].sector > pArrayList[i+1].sector || pArrayList[i].sector < pArrayList[i+1].sector)
      |                                                                             ^
..\src\ArrayEmployees.c:260:11: warning: unused variable 'bufferEmployee' [-Wunused-variable]
  260 |  Employee bufferEmployee;
      |           ^~~~~~~~~~~~~~
00:50:22 **** Incremental Build of configuration Debug for project TP2 ****
Info: Internal Builder is used for build
gcc -O0 -g3 -Wall -c -fmessage-length=0 -o "src\\ArrayEmployees.o" "..\\src\\ArrayEmployees.c" 
gcc -o TP2.exe "src\\ArrayEmployees.o" "src\\TP2.o" "src\\utn.o" 
c:/mingw/bin/../lib/gcc/mingw32/9.2.0/../../../../mingw32/bin/ld.exe: cannot open output file TP2.exe: Permission denied
collect2.exe: error: ld returned 1 exit status
00:50:31 **** Incremental Build of configuration Debug for project TP2 ****
Info: Internal Builder is used for build
gcc -o TP2.exe "src\\ArrayEmployees.o" "src\\TP2.o" "src\\utn.o" 
00:51:03 **** Incremental Build of configuration Debug for project TP2 ****
Info: Internal Builder is used for build
gcc -O0 -g3 -Wall -c -fmessage-length=0 -o "src\\ArrayEmployees.o" "..\\src\\ArrayEmployees.c" 
gcc -o TP2.exe "src\\ArrayEmployees.o" "src\\TP2.o" "src\\utn.o" 
Info: Nothing to build for TP2
00:56:15 **** Incremental Build of configuration Debug for project TP2 ****
Info: Internal Builder is used for build
gcc -O0 -g3 -Wall -c -fmessage-length=0 -o "src\\ArrayEmployees.o" "..\\src\\ArrayEmployees.c" 
gcc -o TP2.exe "src\\ArrayEmployees.o" "src\\TP2.o" "src\\utn.o" 
c:/mingw/bin/../lib/gcc/mingw32/9.2.0/../../../../mingw32/bin/ld.exe: cannot open output file TP2.exe: Permission denied
collect2.exe: error: ld returned 1 exit status
00:56:19 **** Incremental Build of configuration Debug for project TP2 ****
Info: Internal Builder is used for build
gcc -o TP2.exe "src\\ArrayEmployees.o" "src\\TP2.o" "src\\utn.o" 
Info: Nothing to build for TP2
00:57:20 **** Incremental Build of configuration Debug for project TP2 ****
Info: Internal Builder is used for build
gcc -O0 -g3 -Wall -c -fmessage-length=0 -o "src\\ArrayEmployees.o" "..\\src\\ArrayEmployees.c" 
gcc -o TP2.exe "src\\ArrayEmployees.o" "src\\TP2.o" "src\\utn.o" 
c:/mingw/bin/../lib/gcc/mingw32/9.2.0/../../../../mingw32/bin/ld.exe: cannot open output file TP2.exe: Permission denied
collect2.exe: error: ld returned 1 exit status
00:57:23 **** Incremental Build of configuration Debug for project TP2 ****
Info: Internal Builder is used for build
gcc -o TP2.exe "src\\ArrayEmployees.o" "src\\TP2.o" "src\\utn.o" 
00:58:36 **** Incremental Build of configuration Debug for project TP2 ****
Info: Internal Builder is used for build
gcc -O0 -g3 -Wall -c -fmessage-length=0 -o "src\\ArrayEmployees.o" "..\\src\\ArrayEmployees.c" 
..\src\ArrayEmployees.c: In function 'employee_sortEmployees':
..\src\ArrayEmployees.c:274:30: warning: passing argument 1 of 'strcmp' makes pointer from integer without a cast [-Wint-conversion]
  274 |       if(strcmp(pArrayList[i].sector, pArrayList[i+1].sector)== sort) {
      |                 ~~~~~~~~~~~~~^~~~~~~
      |                              |
      |                              int
In file included from ..\src\ArrayEmployees.c:10:
c:\mingw\include\string.h:77:46: note: expected 'const char *' but argument is of type 'int'
   77 | _CRTIMP __cdecl __MINGW_NOTHROW  int strcmp (const char *, const char *) __MINGW_ATTRIB_PURE;
      |                                              ^~~~~~~~~~~~
..\src\ArrayEmployees.c:274:54: warning: passing argument 2 of 'strcmp' makes pointer from integer without a cast [-Wint-conversion]
  274 |       if(strcmp(pArrayList[i].sector, pArrayList[i+1].sector)== sort) {
      |                                       ~~~~~~~~~~~~~~~^~~~~~~
      |                                                      |
      |                                                      int
In file included from ..\src\ArrayEmployees.c:10:
c:\mingw\include\string.h:77:60: note: expected 'const char *' but argument is of type 'int'
   77 | _CRTIMP __cdecl __MINGW_NOTHROW  int strcmp (const char *, const char *) __MINGW_ATTRIB_PURE;
      |                                                            ^~~~~~~~~~~~
gcc -o TP2.exe "src\\ArrayEmployees.o" "src\\TP2.o" "src\\utn.o" 
c:/mingw/bin/../lib/gcc/mingw32/9.2.0/../../../../mingw32/bin/ld.exe: cannot open output file TP2.exe: Permission denied
collect2.exe: error: ld returned 1 exit status
00:58:43 **** Incremental Build of configuration Debug for project TP2 ****
Info: Internal Builder is used for build
gcc -o TP2.exe "src\\ArrayEmployees.o" "src\\TP2.o" "src\\utn.o" 
Info: Nothing to build for TP2
01:02:51 **** Incremental Build of configuration Debug for project TP2 ****
Info: Internal Builder is used for build
gcc -O0 -g3 -Wall -c -fmessage-length=0 -o "src\\TP2.o" "..\\src\\TP2.c" 
gcc -O0 -g3 -Wall -c -fmessage-length=0 -o "src\\ArrayEmployees.o" "..\\src\\ArrayEmployees.c" 
..\src\ArrayEmployees.c: In function 'employee_sortEmployees':
..\src\ArrayEmployees.c:274:35: warning: passing argument 1 of 'atoi' makes pointer from integer without a cast [-Wint-conversion]
  274 |       if(strcmp(atoi(pArrayList[i].sector), atoi(pArrayList[i+1].sector)) == sort) {
      |                      ~~~~~~~~~~~~~^~~~~~~
      |                                   |
      |                                   int
In file included from ..\src\ArrayEmployees.c:9:
c:\mingw\include\stdlib.h:362:44: note: expected 'const char *' but argument is of type 'int'
  362 | _CRTIMP __cdecl __MINGW_NOTHROW  int atoi (const char *);
      |                                            ^~~~~~~~~~~~
..\src\ArrayEmployees.c:274:65: warning: passing argument 1 of 'atoi' makes pointer from integer without a cast [-Wint-conversion]
  274 |       if(strcmp(atoi(pArrayList[i].sector), atoi(pArrayList[i+1].sector)) == sort) {
      |                                                  ~~~~~~~~~~~~~~~^~~~~~~
      |                                                                 |
      |                                                                 int
In file included from ..\src\ArrayEmployees.c:9:
c:\mingw\include\stdlib.h:362:44: note: expected 'const char *' but argument is of type 'int'
  362 | _CRTIMP __cdecl __MINGW_NOTHROW  int atoi (const char *);
      |                                            ^~~~~~~~~~~~
..\src\ArrayEmployees.c:274:17: warning: passing argument 1 of 'strcmp' makes pointer from integer without a cast [-Wint-conversion]
  274 |       if(strcmp(atoi(pArrayList[i].sector), atoi(pArrayList[i+1].sector)) == sort) {
      |                 ^~~~~~~~~~~~~~~~~~~~~~~~~~
      |                 |
      |                 int
In file included from ..\src\ArrayEmployees.c:10:
c:\mingw\include\string.h:77:46: note: expected 'const char *' but argument is of type 'int'
   77 | _CRTIMP __cdecl __MINGW_NOTHROW  int strcmp (const char *, const char *) __MINGW_ATTRIB_PURE;
      |                                              ^~~~~~~~~~~~
..\src\ArrayEmployees.c:274:45: warning: passing argument 2 of 'strcmp' makes pointer from integer without a cast [-Wint-conversion]
  274 |       if(strcmp(atoi(pArrayList[i].sector), atoi(pArrayList[i+1].sector)) == sort) {
      |                                             ^~~~~~~~~~~~~~~~~~~~~~~~~~~~
      |                                             |
      |                                             int
In file included from ..\src\ArrayEmployees.c:10:
c:\mingw\include\string.h:77:60: note: expected 'const char *' but argument is of type 'int'
   77 | _CRTIMP __cdecl __MINGW_NOTHROW  int strcmp (const char *, const char *) __MINGW_ATTRIB_PURE;
      |                                                            ^~~~~~~~~~~~
gcc -o TP2.exe "src\\ArrayEmployees.o" "src\\TP2.o" "src\\utn.o" 
c:/mingw/bin/../lib/gcc/mingw32/9.2.0/../../../../mingw32/bin/ld.exe: cannot open output file TP2.exe: Permission denied
collect2.exe: error: ld returned 1 exit status
01:02:56 **** Incremental Build of configuration Debug for project TP2 ****
Info: Internal Builder is used for build
gcc -o TP2.exe "src\\ArrayEmployees.o" "src\\TP2.o" "src\\utn.o" 
Info: Nothing to build for TP2
01:04:00 **** Incremental Build of configuration Debug for project TP2 ****
Info: Internal Builder is used for build
gcc -O0 -g3 -Wall -c -fmessage-length=0 -o "src\\ArrayEmployees.o" "..\\src\\ArrayEmployees.c" 
..\src\ArrayEmployees.c: In function 'employee_sortEmployees':
..\src\ArrayEmployees.c:274:35: warning: passing argument 1 of 'atoi' makes pointer from integer without a cast [-Wint-conversion]
  274 |       if(strcmp(atoi(pArrayList[i].sector), atoi(pArrayList[i+1].sector))1 == -sort) {
      |                      ~~~~~~~~~~~~~^~~~~~~
      |                                   |
      |                                   int
In file included from ..\src\ArrayEmployees.c:9:
c:\mingw\include\stdlib.h:362:44: note: expected 'const char *' but argument is of type 'int'
  362 | _CRTIMP __cdecl __MINGW_NOTHROW  int atoi (const char *);
      |                                            ^~~~~~~~~~~~
..\src\ArrayEmployees.c:274:65: warning: passing argument 1 of 'atoi' makes pointer from integer without a cast [-Wint-conversion]
  274 |       if(strcmp(atoi(pArrayList[i].sector), atoi(pArrayList[i+1].sector))1 == -sort) {
      |                                                  ~~~~~~~~~~~~~~~^~~~~~~
      |                                                                 |
      |                                                                 int
In file included from ..\src\ArrayEmployees.c:9:
c:\mingw\include\stdlib.h:362:44: note: expected 'const char *' but argument is of type 'int'
  362 | _CRTIMP __cdecl __MINGW_NOTHROW  int atoi (const char *);
      |                                            ^~~~~~~~~~~~
..\src\ArrayEmployees.c:274:17: warning: passing argument 1 of 'strcmp' makes pointer from integer without a cast [-Wint-conversion]
  274 |       if(strcmp(atoi(pArrayList[i].sector), atoi(pArrayList[i+1].sector))1 == -sort) {
      |                 ^~~~~~~~~~~~~~~~~~~~~~~~~~
      |                 |
      |                 int
In file included from ..\src\ArrayEmployees.c:10:
c:\mingw\include\string.h:77:46: note: expected 'const char *' but argument is of type 'int'
   77 | _CRTIMP __cdecl __MINGW_NOTHROW  int strcmp (const char *, const char *) __MINGW_ATTRIB_PURE;
      |                                              ^~~~~~~~~~~~
..\src\ArrayEmployees.c:274:45: warning: passing argument 2 of 'strcmp' makes pointer from integer without a cast [-Wint-conversion]
  274 |       if(strcmp(atoi(pArrayList[i].sector), atoi(pArrayList[i+1].sector))1 == -sort) {
      |                                             ^~~~~~~~~~~~~~~~~~~~~~~~~~~~
      |                                             |
      |                                             int
In file included from ..\src\ArrayEmployees.c:10:
c:\mingw\include\string.h:77:60: note: expected 'const char *' but argument is of type 'int'
   77 | _CRTIMP __cdecl __MINGW_NOTHROW  int strcmp (const char *, const char *) __MINGW_ATTRIB_PURE;
      |                                                            ^~~~~~~~~~~~
..\src\ArrayEmployees.c:274:74: error: expected ')' before numeric constant
  274 |       if(strcmp(atoi(pArrayList[i].sector), atoi(pArrayList[i+1].sector))1 == -sort) {
      |         ~                                                                ^
      |                                                                          )
01:04:10 **** Incremental Build of configuration Debug for project TP2 ****
Info: Internal Builder is used for build
gcc -O0 -g3 -Wall -c -fmessage-length=0 -o "src\\ArrayEmployees.o" "..\\src\\ArrayEmployees.c" 
..\src\ArrayEmployees.c: In function 'employee_sortEmployees':
..\src\ArrayEmployees.c:274:35: warning: passing argument 1 of 'atoi' makes pointer from integer without a cast [-Wint-conversion]
  274 |       if(strcmp(atoi(pArrayList[i].sector), atoi(pArrayList[i+1].sector))1 == sort) {
      |                      ~~~~~~~~~~~~~^~~~~~~
      |                                   |
      |                                   int
In file included from ..\src\ArrayEmployees.c:9:
c:\mingw\include\stdlib.h:362:44: note: expected 'const char *' but argument is of type 'int'
  362 | _CRTIMP __cdecl __MINGW_NOTHROW  int atoi (const char *);
      |                                            ^~~~~~~~~~~~
..\src\ArrayEmployees.c:274:65: warning: passing argument 1 of 'atoi' makes pointer from integer without a cast [-Wint-conversion]
  274 |       if(strcmp(atoi(pArrayList[i].sector), atoi(pArrayList[i+1].sector))1 == sort) {
      |                                                  ~~~~~~~~~~~~~~~^~~~~~~
      |                                                                 |
      |                                                                 int
In file included from ..\src\ArrayEmployees.c:9:
c:\mingw\include\stdlib.h:362:44: note: expected 'const char *' but argument is of type 'int'
  362 | _CRTIMP __cdecl __MINGW_NOTHROW  int atoi (const char *);
      |                                            ^~~~~~~~~~~~
..\src\ArrayEmployees.c:274:17: warning: passing argument 1 of 'strcmp' makes pointer from integer without a cast [-Wint-conversion]
  274 |       if(strcmp(atoi(pArrayList[i].sector), atoi(pArrayList[i+1].sector))1 == sort) {
      |                 ^~~~~~~~~~~~~~~~~~~~~~~~~~
      |                 |
      |                 int
In file included from ..\src\ArrayEmployees.c:10:
c:\mingw\include\string.h:77:46: note: expected 'const char *' but argument is of type 'int'
   77 | _CRTIMP __cdecl __MINGW_NOTHROW  int strcmp (const char *, const char *) __MINGW_ATTRIB_PURE;
      |                                              ^~~~~~~~~~~~
..\src\ArrayEmployees.c:274:45: warning: passing argument 2 of 'strcmp' makes pointer from integer without a cast [-Wint-conversion]
  274 |       if(strcmp(atoi(pArrayList[i].sector), atoi(pArrayList[i+1].sector))1 == sort) {
      |                                             ^~~~~~~~~~~~~~~~~~~~~~~~~~~~
      |                                             |
      |                                             int
In file included from ..\src\ArrayEmployees.c:10:
c:\mingw\include\string.h:77:60: note: expected 'const char *' but argument is of type 'int'
   77 | _CRTIMP __cdecl __MINGW_NOTHROW  int strcmp (const char *, const char *) __MINGW_ATTRIB_PURE;
      |                                                            ^~~~~~~~~~~~
..\src\ArrayEmployees.c:274:74: error: expected ')' before numeric constant
  274 |       if(strcmp(atoi(pArrayList[i].sector), atoi(pArrayList[i+1].sector))1 == sort) {
      |         ~                                                                ^
      |                                                                          )
01:04:22 **** Incremental Build of configuration Debug for project TP2 ****
Info: Internal Builder is used for build
gcc -O0 -g3 -Wall -c -fmessage-length=0 -o "src\\ArrayEmployees.o" "..\\src\\ArrayEmployees.c" 
..\src\ArrayEmployees.c: In function 'employee_sortEmployees':
..\src\ArrayEmployees.c:274:35: warning: passing argument 1 of 'atoi' makes pointer from integer without a cast [-Wint-conversion]
  274 |       if(strcmp(atoi(pArrayList[i].sector), atoi(pArrayList[i+1].sector)) == -sort) {
      |                      ~~~~~~~~~~~~~^~~~~~~
      |                                   |
      |                                   int
In file included from ..\src\ArrayEmployees.c:9:
c:\mingw\include\stdlib.h:362:44: note: expected 'const char *' but argument is of type 'int'
  362 | _CRTIMP __cdecl __MINGW_NOTHROW  int atoi (const char *);
      |                                            ^~~~~~~~~~~~
..\src\ArrayEmployees.c:274:65: warning: passing argument 1 of 'atoi' makes pointer from integer without a cast [-Wint-conversion]
  274 |       if(strcmp(atoi(pArrayList[i].sector), atoi(pArrayList[i+1].sector)) == -sort) {
      |                                                  ~~~~~~~~~~~~~~~^~~~~~~
      |                                                                 |
      |                                                                 int
In file included from ..\src\ArrayEmployees.c:9:
c:\mingw\include\stdlib.h:362:44: note: expected 'const char *' but argument is of type 'int'
  362 | _CRTIMP __cdecl __MINGW_NOTHROW  int atoi (const char *);
      |                                            ^~~~~~~~~~~~
..\src\ArrayEmployees.c:274:17: warning: passing argument 1 of 'strcmp' makes pointer from integer without a cast [-Wint-conversion]
  274 |       if(strcmp(atoi(pArrayList[i].sector), atoi(pArrayList[i+1].sector)) == -sort) {
      |                 ^~~~~~~~~~~~~~~~~~~~~~~~~~
      |                 |
      |                 int
In file included from ..\src\ArrayEmployees.c:10:
c:\mingw\include\string.h:77:46: note: expected 'const char *' but argument is of type 'int'
   77 | _CRTIMP __cdecl __MINGW_NOTHROW  int strcmp (const char *, const char *) __MINGW_ATTRIB_PURE;
      |                                              ^~~~~~~~~~~~
..\src\ArrayEmployees.c:274:45: warning: passing argument 2 of 'strcmp' makes pointer from integer without a cast [-Wint-conversion]
  274 |       if(strcmp(atoi(pArrayList[i].sector), atoi(pArrayList[i+1].sector)) == -sort) {
      |                                             ^~~~~~~~~~~~~~~~~~~~~~~~~~~~
      |                                             |
      |                                             int
In file included from ..\src\ArrayEmployees.c:10:
c:\mingw\include\string.h:77:60: note: expected 'const char *' but argument is of type 'int'
   77 | _CRTIMP __cdecl __MINGW_NOTHROW  int strcmp (const char *, const char *) __MINGW_ATTRIB_PURE;
      |                                                            ^~~~~~~~~~~~
gcc -o TP2.exe "src\\ArrayEmployees.o" "src\\TP2.o" "src\\utn.o" 
c:/mingw/bin/../lib/gcc/mingw32/9.2.0/../../../../mingw32/bin/ld.exe: cannot open output file TP2.exe: Permission denied
collect2.exe: error: ld returned 1 exit status
01:04:27 **** Incremental Build of configuration Debug for project TP2 ****
Info: Internal Builder is used for build
gcc -o TP2.exe "src\\ArrayEmployees.o" "src\\TP2.o" "src\\utn.o" 
Info: Nothing to build for TP2
01:12:27 **** Incremental Build of configuration Debug for project TP2 ****
Info: Internal Builder is used for build
gcc -O0 -g3 -Wall -c -fmessage-length=0 -o "src\\ArrayEmployees.o" "..\\src\\ArrayEmployees.c" 
gcc -o TP2.exe "src\\ArrayEmployees.o" "src\\TP2.o" "src\\utn.o" 
Info: Nothing to build for TP2
01:16:12 **** Incremental Build of configuration Debug for project TP2 ****
Info: Internal Builder is used for build
gcc -O0 -g3 -Wall -c -fmessage-length=0 -o "src\\ArrayEmployees.o" "..\\src\\ArrayEmployees.c" 
..\src\ArrayEmployees.c: In function 'employee_sortEmployees':
..\src\ArrayEmployees.c:276:40: warning: self-comparison always evaluates to false [-Wtautological-compare]
  276 |        if(sort && pArrayList[i].sector > pArrayList[i].sector) {
      |                                        ^
gcc -o TP2.exe "src\\ArrayEmployees.o" "src\\TP2.o" "src\\utn.o" 
c:/mingw/bin/../lib/gcc/mingw32/9.2.0/../../../../mingw32/bin/ld.exe: cannot open output file TP2.exe: Permission denied
collect2.exe: error: ld returned 1 exit status
01:16:18 **** Incremental Build of configuration Debug for project TP2 ****
Info: Internal Builder is used for build
gcc -o TP2.exe "src\\ArrayEmployees.o" "src\\TP2.o" "src\\utn.o" 
Info: Nothing to build for TP2
Info: Nothing to build for TP2
01:17:08 **** Incremental Build of configuration Debug for project TP2 ****
Info: Internal Builder is used for build
gcc -O0 -g3 -Wall -c -fmessage-length=0 -o "src\\ArrayEmployees.o" "..\\src\\ArrayEmployees.c" 
..\src\ArrayEmployees.c: In function 'employee_sortEmployees':
..\src\ArrayEmployees.c:276:40: warning: self-comparison always evaluates to false [-Wtautological-compare]
  276 |        if(sort && pArrayList[i].sector < pArrayList[i].sector) {
      |                                        ^
gcc -o TP2.exe "src\\ArrayEmployees.o" "src\\TP2.o" "src\\utn.o" 
c:/mingw/bin/../lib/gcc/mingw32/9.2.0/../../../../mingw32/bin/ld.exe: cannot open output file TP2.exe: Permission denied
collect2.exe: error: ld returned 1 exit status
01:17:12 **** Incremental Build of configuration Debug for project TP2 ****
Info: Internal Builder is used for build
gcc -o TP2.exe "src\\ArrayEmployees.o" "src\\TP2.o" "src\\utn.o" 
Info: Nothing to build for TP2
01:28:34 **** Incremental Build of configuration Debug for project TP2 ****
Info: Internal Builder is used for build
gcc -O0 -g3 -Wall -c -fmessage-length=0 -o "src\\ArrayEmployees.o" "..\\src\\ArrayEmployees.c" 
gcc -o TP2.exe "src\\ArrayEmployees.o" "src\\TP2.o" "src\\utn.o" 
c:/mingw/bin/../lib/gcc/mingw32/9.2.0/../../../../mingw32/bin/ld.exe: cannot open output file TP2.exe: Permission denied
collect2.exe: error: ld returned 1 exit status
01:28:36 **** Incremental Build of configuration Debug for project TP2 ****
Info: Internal Builder is used for build
gcc -o TP2.exe "src\\ArrayEmployees.o" "src\\TP2.o" "src\\utn.o" 
01:38:59 **** Incremental Build of configuration Debug for project TP2 ****
Info: Internal Builder is used for build
gcc -O0 -g3 -Wall -c -fmessage-length=0 -o "src\\ArrayEmployees.o" "..\\src\\ArrayEmployees.c" 
gcc -o TP2.exe "src\\ArrayEmployees.o" "src\\TP2.o" "src\\utn.o" 
Info: Nothing to build for TP2
01:40:14 **** Incremental Build of configuration Debug for project TP2 ****
Info: Internal Builder is used for build
gcc -O0 -g3 -Wall -c -fmessage-length=0 -o "src\\ArrayEmployees.o" "..\\src\\ArrayEmployees.c" 
gcc -o TP2.exe "src\\ArrayEmployees.o" "src\\TP2.o" "src\\utn.o" 
c:/mingw/bin/../lib/gcc/mingw32/9.2.0/../../../../mingw32/bin/ld.exe: cannot open output file TP2.exe: Permission denied
collect2.exe: error: ld returned 1 exit status
01:40:18 **** Incremental Build of configuration Debug for project TP2 ****
Info: Internal Builder is used for build
gcc -o TP2.exe "src\\ArrayEmployees.o" "src\\TP2.o" "src\\utn.o" 
Info: Nothing to build for TP2
Info: Nothing to build for TP2
Info: Nothing to build for TP2
02:18:06 **** Incremental Build of configuration Debug for project TP2 ****
Info: Internal Builder is used for build
gcc -O0 -g3 -Wall -c -fmessage-length=0 -o "src\\ArrayEmployees.o" "..\\src\\ArrayEmployees.c" 
..\src\ArrayEmployees.c: In function 'employee_sortEmployees':
..\src\ArrayEmployees.c:273:9: warning: implicit declaration of function 'compareElements' [-Wimplicit-function-declaration]
  273 |      if(compareElements(pArrayList[i], pArrayList[i+1], order, sort))
      |         ^~~~~~~~~~~~~~~
..\src\ArrayEmployees.c: In function 'compareElements':
..\src\ArrayEmployees.c:308:1: warning: control reaches end of non-void function [-Wreturn-type]
  308 | }
      | ^
gcc -O0 -g3 -Wall -c -fmessage-length=0 -o "src\\TP2.o" "..\\src\\TP2.c" 
gcc -o TP2.exe "src\\ArrayEmployees.o" "src\\TP2.o" "src\\utn.o" 
c:/mingw/bin/../lib/gcc/mingw32/9.2.0/../../../../mingw32/bin/ld.exe: cannot open output file TP2.exe: Permission denied
collect2.exe: error: ld returned 1 exit status
02:18:09 **** Incremental Build of configuration Debug for project TP2 ****
Info: Internal Builder is used for build
gcc -o TP2.exe "src\\ArrayEmployees.o" "src\\TP2.o" "src\\utn.o" 
c:/mingw/bin/../lib/gcc/mingw32/9.2.0/../../../../mingw32/bin/ld.exe: src\TP2.o: in function `main':
C:\Users\Hzkr\eclipse-workspace\Laboratorio_2020_1H_Ejercicios\TP2\Debug/../src/TP2.c:88: undefined reference to `employee_sortEmployeesBySector'
c:/mingw/bin/../lib/gcc/mingw32/9.2.0/../../../../mingw32/bin/ld.exe: C:\Users\Hzkr\eclipse-workspace\Laboratorio_2020_1H_Ejercicios\TP2\Debug/../src/TP2.c:96: undefined reference to `employee_sortEmployeesBySector'
collect2.exe: error: ld returned 1 exit status
02:18:36 **** Incremental Build of configuration Debug for project TP2 ****
Info: Internal Builder is used for build
gcc -O0 -g3 -Wall -c -fmessage-length=0 -o "src\\ArrayEmployees.o" "..\\src\\ArrayEmployees.c" 
..\src\ArrayEmployees.c: In function 'compareElements':
..\src\ArrayEmployees.c:308:1: warning: control reaches end of non-void function [-Wreturn-type]
  308 | }
      | ^
gcc -O0 -g3 -Wall -c -fmessage-length=0 -o "src\\TP2.o" "..\\src\\TP2.c" 
..\src\TP2.c: In function 'main':
..\src\TP2.c:88:9: warning: implicit declaration of function 'employee_sortEmployeesBySector'; did you mean 'employee_sortEmployees'? [-Wimplicit-function-declaration]
   88 |         employee_sortEmployeesBySector(arrayEmployees, QTY_EMPLOYEES, 1);
      |         ^~~~~~~~~~~~~~~~~~~~~~~~~~~~~~
      |         employee_sortEmployees
gcc -o TP2.exe "src\\ArrayEmployees.o" "src\\TP2.o" "src\\utn.o" 
c:/mingw/bin/../lib/gcc/mingw32/9.2.0/../../../../mingw32/bin/ld.exe: src\TP2.o: in function `main':
C:\Users\Hzkr\eclipse-workspace\Laboratorio_2020_1H_Ejercicios\TP2\Debug/../src/TP2.c:88: undefined reference to `employee_sortEmployeesBySector'
c:/mingw/bin/../lib/gcc/mingw32/9.2.0/../../../../mingw32/bin/ld.exe: C:\Users\Hzkr\eclipse-workspace\Laboratorio_2020_1H_Ejercicios\TP2\Debug/../src/TP2.c:96: undefined reference to `employee_sortEmployeesBySector'
collect2.exe: error: ld returned 1 exit status
02:18:51 **** Incremental Build of configuration Debug for project TP2 ****
Info: Internal Builder is used for build
gcc -O0 -g3 -Wall -c -fmessage-length=0 -o "src\\TP2.o" "..\\src\\TP2.c" 
gcc -o TP2.exe "src\\ArrayEmployees.o" "src\\TP2.o" "src\\utn.o" 
Info: Nothing to build for TP2
02:19:46 **** Incremental Build of configuration Debug for project TP2 ****
Info: Internal Builder is used for build
gcc -O0 -g3 -Wall -c -fmessage-length=0 -o "src\\ArrayEmployees.o" "..\\src\\ArrayEmployees.c" 
..\src\ArrayEmployees.c: In function 'compareElements':
..\src\ArrayEmployees.c:308:1: warning: control reaches end of non-void function [-Wreturn-type]
  308 | }
      | ^
gcc -o TP2.exe "src\\ArrayEmployees.o" "src\\TP2.o" "src\\utn.o" 
c:/mingw/bin/../lib/gcc/mingw32/9.2.0/../../../../mingw32/bin/ld.exe: cannot open output file TP2.exe: Permission denied
collect2.exe: error: ld returned 1 exit status
02:19:52 **** Incremental Build of configuration Debug for project TP2 ****
Info: Internal Builder is used for build
gcc -o TP2.exe "src\\ArrayEmployees.o" "src\\TP2.o" "src\\utn.o" 
Info: Nothing to build for TP2
02:24:03 **** Incremental Build of configuration Debug for project TP2 ****
Info: Internal Builder is used for build
gcc -O0 -g3 -Wall -c -fmessage-length=0 -o "src\\ArrayEmployees.o" "..\\src\\ArrayEmployees.c" 
..\src\ArrayEmployees.c: In function 'compareElements':
..\src\ArrayEmployees.c:309:1: warning: control reaches end of non-void function [-Wreturn-type]
  309 | }
      | ^
gcc -o TP2.exe "src\\ArrayEmployees.o" "src\\TP2.o" "src\\utn.o" 
c:/mingw/bin/../lib/gcc/mingw32/9.2.0/../../../../mingw32/bin/ld.exe: cannot open output file TP2.exe: Permission denied
collect2.exe: error: ld returned 1 exit status
02:24:07 **** Incremental Build of configuration Debug for project TP2 ****
Info: Internal Builder is used for build
gcc -o TP2.exe "src\\ArrayEmployees.o" "src\\TP2.o" "src\\utn.o" 
Info: Nothing to build for TP2
Info: Nothing to build for TP2
Info: Nothing to build for TP2
02:30:06 **** Incremental Build of configuration Debug for project TP2 ****
Info: Internal Builder is used for build
gcc -O0 -g3 -Wall -c -fmessage-length=0 -o "src\\ArrayEmployees.o" "..\\src\\ArrayEmployees.c" 
..\src\ArrayEmployees.c: In function 'compareElements':
..\src\ArrayEmployees.c:310:1: warning: control reaches end of non-void function [-Wreturn-type]
  310 | }
      | ^
gcc -o TP2.exe "src\\ArrayEmployees.o" "src\\TP2.o" "src\\utn.o" 
c:/mingw/bin/../lib/gcc/mingw32/9.2.0/../../../../mingw32/bin/ld.exe: cannot open output file TP2.exe: Permission denied
collect2.exe: error: ld returned 1 exit status
02:30:09 **** Incremental Build of configuration Debug for project TP2 ****
Info: Internal Builder is used for build
gcc -o TP2.exe "src\\ArrayEmployees.o" "src\\TP2.o" "src\\utn.o" 
Info: Nothing to build for TP2
02:35:53 **** Incremental Build of configuration Debug for project TP2 ****
Info: Internal Builder is used for build
gcc -O0 -g3 -Wall -c -fmessage-length=0 -o "src\\ArrayEmployees.o" "..\\src\\ArrayEmployees.c" 
..\src\ArrayEmployees.c: In function 'compareElements':
..\src\ArrayEmployees.c:310:1: warning: control reaches end of non-void function [-Wreturn-type]
  310 | }
      | ^
gcc -o TP2.exe "src\\ArrayEmployees.o" "src\\TP2.o" "src\\utn.o" 
c:/mingw/bin/../lib/gcc/mingw32/9.2.0/../../../../mingw32/bin/ld.exe: cannot open output file TP2.exe: Permission denied
collect2.exe: error: ld returned 1 exit status
02:35:57 **** Incremental Build of configuration Debug for project TP2 ****
Info: Internal Builder is used for build
gcc -o TP2.exe "src\\ArrayEmployees.o" "src\\TP2.o" "src\\utn.o" 
Info: Nothing to build for TP2
Info: Nothing to build for TP2
Info: Nothing to build for TP2
Info: Nothing to build for TP2
Info: Nothing to build for TP2
02:45:03 **** Incremental Build of configuration Debug for project TP2 ****
Info: Internal Builder is used for build
gcc -O0 -g3 -Wall -c -fmessage-length=0 -o "src\\ArrayEmployees.o" "..\\src\\ArrayEmployees.c" 
gcc -o TP2.exe "src\\ArrayEmployees.o" "src\\TP2.o" "src\\utn.o" 
19:22:34 **** Incremental Build of configuration Debug for project TP2 ****
Info: Internal Builder is used for build
gcc -O0 -g3 -Wall -c -fmessage-length=0 -o "src\\ArrayEmployees.o" "..\\src\\ArrayEmployees.c" 
..\src\ArrayEmployees.c:22:12: error: static declaration of 'compareElements' follows non-static declaration
   22 | static int compareElements(Employee employee1, Employee employee2, int order, int sort);
      |            ^~~~~~~~~~~~~~~
In file included from ..\src\ArrayEmployees.c:12:
..\src\ArrayEmployees.h:32:5: note: previous declaration of 'compareElements' was here
   32 | int compareElements(Employee employee1, Employee employee2, int order, int sort);
      |     ^~~~~~~~~~~~~~~
19:23:45 **** Incremental Build of configuration Debug for project TP2 ****
Info: Internal Builder is used for build
gcc -O0 -g3 -Wall -c -fmessage-length=0 -o "src\\ArrayEmployees.o" "..\\src\\ArrayEmployees.c" 
..\src\ArrayEmployees.c:22:12: error: static declaration of 'compareElements' follows non-static declaration
   22 | static int compareElements(Employee employee1, Employee employee2, int order, int sort);
      |            ^~~~~~~~~~~~~~~
In file included from ..\src\ArrayEmployees.c:12:
..\src\ArrayEmployees.h:32:5: note: previous declaration of 'compareElements' was here
   32 | int compareElements(Employee employee1, Employee employee2, int order, int sort);
      |     ^~~~~~~~~~~~~~~
19:24:04 **** Incremental Build of configuration Debug for project TP2 ****
Info: Internal Builder is used for build
gcc -O0 -g3 -Wall -c -fmessage-length=0 -o "src\\ArrayEmployees.o" "..\\src\\ArrayEmployees.c" 
..\src\ArrayEmployees.c:22:12: error: static declaration of 'compareElements' follows non-static declaration
   22 | static int compareElements(Employee employee1, Employee employee2, int order, int sort);
      |            ^~~~~~~~~~~~~~~
In file included from ..\src\ArrayEmployees.c:12:
..\src\ArrayEmployees.h:32:5: note: previous declaration of 'compareElements' was here
   32 | int compareElements(Employee employee1, Employee employee2, int order, int sort);
      |     ^~~~~~~~~~~~~~~
19:28:28 **** Incremental Build of configuration Debug for project TP2 ****
Info: Internal Builder is used for build
gcc -O0 -g3 -Wall -c -fmessage-length=0 -o "src\\utn.o" "..\\src\\utn.c" 
gcc -O0 -g3 -Wall -c -fmessage-length=0 -o "src\\ArrayEmployees.o" "..\\src\\ArrayEmployees.c" 
gcc -O0 -g3 -Wall -c -fmessage-length=0 -o "src\\TP2.o" "..\\src\\TP2.c" 
gcc -o TP2.exe "src\\ArrayEmployees.o" "src\\TP2.o" "src\\utn.o" 
Info: Nothing to build for TP2
19:35:51 **** Incremental Build of configuration Debug for project TP2 ****
Info: Internal Builder is used for build
gcc -O0 -g3 -Wall -c -fmessage-length=0 -o "src\\TP2.o" "..\\src\\TP2.c" 
gcc -o TP2.exe "src\\ArrayEmployees.o" "src\\TP2.o" "src\\utn.o" 
Info: Nothing to build for TP2
19:37:12 **** Incremental Build of configuration Debug for project TP2 ****
Info: Internal Builder is used for build
gcc -O0 -g3 -Wall -c -fmessage-length=0 -o "src\\TP2.o" "..\\src\\TP2.c" 
..\src\TP2.c: In function 'main':
..\src\TP2.c:70:72: error: expected ';' before '}' token
   70 |      printf("You must load an employee before making modifications.\n")
      |                                                                        ^
      |                                                                        ;
   71 |     }
      |     ~                                                                   
19:37:18 **** Incremental Build of configuration Debug for project TP2 ****
Info: Internal Builder is used for build
gcc -O0 -g3 -Wall -c -fmessage-length=0 -o "src\\TP2.o" "..\\src\\TP2.c" 
gcc -o TP2.exe "src\\ArrayEmployees.o" "src\\TP2.o" "src\\utn.o" 
Info: Nothing to build for TP2
19:38:35 **** Incremental Build of configuration Debug for project TP2 ****
Info: Internal Builder is used for build
gcc -O0 -g3 -Wall -c -fmessage-length=0 -o "src\\TP2.o" "..\\src\\TP2.c" 
gcc -o TP2.exe "src\\ArrayEmployees.o" "src\\TP2.o" "src\\utn.o" 
Info: Nothing to build for TP2
19:41:09 **** Incremental Build of configuration Debug for project TP2 ****
Info: Internal Builder is used for build
gcc -O0 -g3 -Wall -c -fmessage-length=0 -o "src\\TP2.o" "..\\src\\TP2.c" 
gcc -o TP2.exe "src\\ArrayEmployees.o" "src\\TP2.o" "src\\utn.o" 
Info: Nothing to build for TP2
19:47:07 **** Incremental Build of configuration Debug for project TP2 ****
Info: Internal Builder is used for build
gcc -O0 -g3 -Wall -c -fmessage-length=0 -o "src\\TP2.o" "..\\src\\TP2.c" 
gcc -o TP2.exe "src\\ArrayEmployees.o" "src\\TP2.o" "src\\utn.o" 
19:50:53 **** Incremental Build of configuration Debug for project TP2 ****
Info: Internal Builder is used for build
gcc -O0 -g3 -Wall -c -fmessage-length=0 -o "src\\TP2.o" "..\\src\\TP2.c" 
gcc -o TP2.exe "src\\ArrayEmployees.o" "src\\TP2.o" "src\\utn.o" 
c:/mingw/bin/../lib/gcc/mingw32/9.2.0/../../../../mingw32/bin/ld.exe: cannot open output file TP2.exe: Permission denied
collect2.exe: error: ld returned 1 exit status
19:50:56 **** Incremental Build of configuration Debug for project TP2 ****
Info: Internal Builder is used for build
gcc -o TP2.exe "src\\ArrayEmployees.o" "src\\TP2.o" "src\\utn.o" 
19:52:12 **** Incremental Build of configuration Debug for project TP2 ****
Info: Internal Builder is used for build
gcc -O0 -g3 -Wall -c -fmessage-length=0 -o "src\\TP2.o" "..\\src\\TP2.c" 
gcc -o TP2.exe "src\\ArrayEmployees.o" "src\\TP2.o" "src\\utn.o" 
19:54:23 **** Incremental Build of configuration Debug for project TP2 ****
Info: Internal Builder is used for build
gcc -O0 -g3 -Wall -c -fmessage-length=0 -o "src\\TP2.o" "..\\src\\TP2.c" 
gcc -o TP2.exe "src\\ArrayEmployees.o" "src\\TP2.o" "src\\utn.o" 
Info: Nothing to build for TP2
20:01:49 **** Incremental Build of configuration Debug for project TP2 ****
Info: Internal Builder is used for build
gcc -O0 -g3 -Wall -c -fmessage-length=0 -o "src\\TP2.o" "..\\src\\TP2.c" 
gcc -o TP2.exe "src\\ArrayEmployees.o" "src\\TP2.o" "src\\utn.o" 
c:/mingw/bin/../lib/gcc/mingw32/9.2.0/../../../../mingw32/bin/ld.exe: cannot open output file TP2.exe: Permission denied
collect2.exe: error: ld returned 1 exit status
20:01:52 **** Incremental Build of configuration Debug for project TP2 ****
Info: Internal Builder is used for build
gcc -o TP2.exe "src\\ArrayEmployees.o" "src\\TP2.o" "src\\utn.o" 
20:10:10 **** Incremental Build of configuration Debug for project TP2 ****
Info: Internal Builder is used for build
gcc -O0 -g3 -Wall -c -fmessage-length=0 -o "src\\TP2.o" "..\\src\\TP2.c" 
gcc -o TP2.exe "src\\ArrayEmployees.o" "src\\TP2.o" "src\\utn.o" 
Info: Nothing to build for TP2
20:15:26 **** Incremental Build of configuration Debug for project TP2 ****
Info: Internal Builder is used for build
gcc -O0 -g3 -Wall -c -fmessage-length=0 -o "src\\ArrayEmployees.o" "..\\src\\ArrayEmployees.c" 
..\src\ArrayEmployees.c: In function 'employee_calculateTotalAndAverageSalary':
..\src\ArrayEmployees.c:350:17: error: 'i' undeclared (first use in this function)
  350 |   if(pArrayList[i].salary > *pAverageSalary)
      |                 ^
..\src\ArrayEmployees.c:350:17: note: each undeclared identifier is reported only once for each function it appears in
20:16:00 **** Incremental Build of configuration Debug for project TP2 ****
Info: Internal Builder is used for build
gcc -O0 -g3 -Wall -c -fmessage-length=0 -o "src\\ArrayEmployees.o" "..\\src\\ArrayEmployees.c" 
gcc -o TP2.exe "src\\ArrayEmployees.o" "src\\TP2.o" "src\\utn.o" 
Info: Nothing to build for TP2
20:17:38 **** Incremental Build of configuration Debug for project TP2 ****
Info: Internal Builder is used for build
gcc -O0 -g3 -Wall -c -fmessage-length=0 -o "src\\ArrayEmployees.o" "..\\src\\ArrayEmployees.c" 
..\src\ArrayEmployees.c: In function 'employee_calculateTotalAndAverageSalary':
..\src\ArrayEmployees.c:354:64: warning: format '%d' expects argument of type 'int', but argument 2 has type 'int *' [-Wformat=]
  354 |    printf("The employees that are above the average wage are: %d",&aboveAverageCounter);
      |                                                               ~^  ~~~~~~~~~~~~~~~~~~~~
      |                                                                |  |
      |                                                                |  int *
      |                                                                int
      |                                                               %n
gcc -o TP2.exe "src\\ArrayEmployees.o" "src\\TP2.o" "src\\utn.o" 
20:17:50 **** Incremental Build of configuration Debug for project TP2 ****
Info: Internal Builder is used for build
gcc -O0 -g3 -Wall -c -fmessage-length=0 -o "src\\ArrayEmployees.o" "..\\src\\ArrayEmployees.c" 
gcc -o TP2.exe "src\\ArrayEmployees.o" "src\\TP2.o" "src\\utn.o" 
Info: Nothing to build for TP2
Info: Nothing to build for TP2
20:22:30 **** Incremental Build of configuration Debug for project TP2 ****
Info: Internal Builder is used for build
gcc -O0 -g3 -Wall -c -fmessage-length=0 -o "src\\ArrayEmployees.o" "..\\src\\ArrayEmployees.c" 
gcc -o TP2.exe "src\\ArrayEmployees.o" "src\\TP2.o" "src\\utn.o" 
c:/mingw/bin/../lib/gcc/mingw32/9.2.0/../../../../mingw32/bin/ld.exe: cannot open output file TP2.exe: Permission denied
collect2.exe: error: ld returned 1 exit status
20:22:35 **** Incremental Build of configuration Debug for project TP2 ****
Info: Internal Builder is used for build
gcc -o TP2.exe "src\\ArrayEmployees.o" "src\\TP2.o" "src\\utn.o" 
20:24:16 **** Incremental Build of configuration Debug for project TP2 ****
Info: Internal Builder is used for build
gcc -O0 -g3 -Wall -c -fmessage-length=0 -o "src\\ArrayEmployees.o" "..\\src\\ArrayEmployees.c" 
gcc -o TP2.exe "src\\ArrayEmployees.o" "src\\TP2.o" "src\\utn.o" 
20:32:19 **** Incremental Build of configuration Debug for project TP2 ****
Info: Internal Builder is used for build
gcc -O0 -g3 -Wall -c -fmessage-length=0 -o "src\\ArrayEmployees.o" "..\\src\\ArrayEmployees.c" 
gcc -o TP2.exe "src\\ArrayEmployees.o" "src\\TP2.o" "src\\utn.o" 
c:/mingw/bin/../lib/gcc/mingw32/9.2.0/../../../../mingw32/bin/ld.exe: cannot open output file TP2.exe: Permission denied
collect2.exe: error: ld returned 1 exit status
20:32:21 **** Incremental Build of configuration Debug for project TP2 ****
Info: Internal Builder is used for build
gcc -o TP2.exe "src\\ArrayEmployees.o" "src\\TP2.o" "src\\utn.o" 
Info: Nothing to build for TP2
20:40:39 **** Incremental Build of configuration Debug for project TP2 ****
Info: Internal Builder is used for build
gcc -O0 -g3 -Wall -c -fmessage-length=0 -o "src\\ArrayEmployees.o" "..\\src\\ArrayEmployees.c" 
..\src\ArrayEmployees.c:328:5: error: conflicting types for 'employee_calculateTotalAndAverageSalary'
  328 | int employee_calculateTotalAndAverageSalary(Employee* pArrayList, int len, float* pTotalSalary, float* pAverageSalary, int *pGreaterThanAverage)
      |     ^~~~~~~~~~~~~~~~~~~~~~~~~~~~~~~~~~~~~~~
In file included from ..\src\ArrayEmployees.c:12:
..\src\ArrayEmployees.h:32:5: note: previous declaration of 'employee_calculateTotalAndAverageSalary' was here
   32 | int employee_calculateTotalAndAverageSalary(Employee* pArrayList, int len, float* pTotalSalary, float* pAverageSalary);
      |     ^~~~~~~~~~~~~~~~~~~~~~~~~~~~~~~~~~~~~~~
..\src\ArrayEmployees.c: In function 'employee_calculateTotalAndAverageSalary':
..\src\ArrayEmployees.c:345:46: error: invalid operands to binary / (have 'float *' and 'int')
  345 |     if(pArrayList[i].salary > pAverageSalary / 2)
      |                                              ^
..\src\ArrayEmployees.c:354:45: error: expected ';' before 'printf'
  354 |   *pGreaterThanAverage = aboveAverageCounter
      |                                             ^
      |                                             ;
  355 |   printf("Average wages: %f - Total wages: %f\n",*pAverageSalary,*pTotalSalary);
      |   ~~~~~~                                     
20:40:49 **** Incremental Build of configuration Debug for project TP2 ****
Info: Internal Builder is used for build
gcc -O0 -g3 -Wall -c -fmessage-length=0 -o "src\\ArrayEmployees.o" "..\\src\\ArrayEmployees.c" 
..\src\ArrayEmployees.c:328:5: error: conflicting types for 'employee_calculateTotalAndAverageSalary'
  328 | int employee_calculateTotalAndAverageSalary(Employee* pArrayList, int len, float* pTotalSalary, float* pAverageSalary, int *pGreaterThanAverage)
      |     ^~~~~~~~~~~~~~~~~~~~~~~~~~~~~~~~~~~~~~~
In file included from ..\src\ArrayEmployees.c:12:
..\src\ArrayEmployees.h:32:5: note: previous declaration of 'employee_calculateTotalAndAverageSalary' was here
   32 | int employee_calculateTotalAndAverageSalary(Employee* pArrayList, int len, float* pTotalSalary, float* pAverageSalary);
      |     ^~~~~~~~~~~~~~~~~~~~~~~~~~~~~~~~~~~~~~~
20:41:32 **** Incremental Build of configuration Debug for project TP2 ****
Info: Internal Builder is used for build
gcc -O0 -g3 -Wall -c -fmessage-length=0 -o "src\\TP2.o" "..\\src\\TP2.c" 
gcc -O0 -g3 -Wall -c -fmessage-length=0 -o "src\\ArrayEmployees.o" "..\\src\\ArrayEmployees.c" 
gcc -o TP2.exe "src\\ArrayEmployees.o" "src\\TP2.o" "src\\utn.o" 
c:/mingw/bin/../lib/gcc/mingw32/9.2.0/../../../../mingw32/bin/ld.exe: cannot open output file TP2.exe: Permission denied
collect2.exe: error: ld returned 1 exit status
20:41:34 **** Incremental Build of configuration Debug for project TP2 ****
Info: Internal Builder is used for build
gcc -o TP2.exe "src\\ArrayEmployees.o" "src\\TP2.o" "src\\utn.o" 
Info: Nothing to build for TP2
20:42:57 **** Incremental Build of configuration Debug for project TP2 ****
Info: Internal Builder is used for build
gcc -O0 -g3 -Wall -c -fmessage-length=0 -o "src\\ArrayEmployees.o" "..\\src\\ArrayEmployees.c" 
gcc -o TP2.exe "src\\ArrayEmployees.o" "src\\TP2.o" "src\\utn.o" 
Info: Nothing to build for TP2
20:44:36 **** Incremental Build of configuration Debug for project TP2 ****
Info: Internal Builder is used for build
gcc -O0 -g3 -Wall -c -fmessage-length=0 -o "src\\ArrayEmployees.o" "..\\src\\ArrayEmployees.c" 
gcc -o TP2.exe "src\\ArrayEmployees.o" "src\\TP2.o" "src\\utn.o" 
Info: Nothing to build for TP2
20:50:28 **** Incremental Build of configuration Debug for project TP2 ****
Info: Internal Builder is used for build
gcc -O0 -g3 -Wall -c -fmessage-length=0 -o "src\\ArrayEmployees.o" "..\\src\\ArrayEmployees.c" 
gcc -o TP2.exe "src\\ArrayEmployees.o" "src\\TP2.o" "src\\utn.o" 
Info: Nothing to build for TP2
20:57:35 **** Incremental Build of configuration Debug for project TP2 ****
Info: Internal Builder is used for build
gcc -O0 -g3 -Wall -c -fmessage-length=0 -o "src\\ArrayEmployees.o" "..\\src\\ArrayEmployees.c" 
gcc -o TP2.exe "src\\ArrayEmployees.o" "src\\TP2.o" "src\\utn.o" 
Info: Nothing to build for TP2
Info: Nothing to build for TP2
21:04:22 **** Incremental Build of configuration Debug for project TP2 ****
Info: Internal Builder is used for build
gcc -O0 -g3 -Wall -c -fmessage-length=0 -o "src\\ArrayEmployees.o" "..\\src\\ArrayEmployees.c" 
gcc -o TP2.exe "src\\ArrayEmployees.o" "src\\TP2.o" "src\\utn.o" 
Info: Nothing to build for TP2
21:13:03 **** Incremental Build of configuration Debug for project TP2 ****
Info: Internal Builder is used for build
gcc -O0 -g3 -Wall -c -fmessage-length=0 -o "src\\ArrayEmployees.o" "..\\src\\ArrayEmployees.c" 
gcc -o TP2.exe "src\\ArrayEmployees.o" "src\\TP2.o" "src\\utn.o" 
Info: Nothing to build for TP2
21:19:38 **** Incremental Build of configuration Debug for project TP2 ****
Info: Internal Builder is used for build
gcc -O0 -g3 -Wall -c -fmessage-length=0 -o "src\\ArrayEmployees.o" "..\\src\\ArrayEmployees.c" 
gcc -o TP2.exe "src\\ArrayEmployees.o" "src\\TP2.o" "src\\utn.o" 
Info: Nothing to build for TP2
21:22:03 **** Incremental Build of configuration Debug for project TP2 ****
Info: Internal Builder is used for build
gcc -O0 -g3 -Wall -c -fmessage-length=0 -o "src\\ArrayEmployees.o" "..\\src\\ArrayEmployees.c" 
gcc -o TP2.exe "src\\ArrayEmployees.o" "src\\TP2.o" "src\\utn.o" 
c:/mingw/bin/../lib/gcc/mingw32/9.2.0/../../../../mingw32/bin/ld.exe: cannot open output file TP2.exe: Permission denied
collect2.exe: error: ld returned 1 exit status
21:22:05 **** Incremental Build of configuration Debug for project TP2 ****
Info: Internal Builder is used for build
gcc -o TP2.exe "src\\ArrayEmployees.o" "src\\TP2.o" "src\\utn.o" 
21:22:39 **** Incremental Build of configuration Debug for project TP2 ****
Info: Internal Builder is used for build
gcc -O0 -g3 -Wall -c -fmessage-length=0 -o "src\\ArrayEmployees.o" "..\\src\\ArrayEmployees.c" 
gcc -o TP2.exe "src\\ArrayEmployees.o" "src\\TP2.o" "src\\utn.o" 
21:28:07 **** Incremental Build of configuration Debug for project TP2 ****
Info: Internal Builder is used for build
gcc -O0 -g3 -Wall -c -fmessage-length=0 -o "src\\ArrayEmployees.o" "..\\src\\ArrayEmployees.c" 
..\src\ArrayEmployees.c: In function 'employee_removeEmployee':
..\src\ArrayEmployees.c:106:64: error: 'id' undeclared (first use in this function)
  106 |  if(pArrayList != NULL && len > 0 && index < len && pArrayList[id].isEmpty == FALSE)
      |                                                                ^~
..\src\ArrayEmployees.c:106:64: note: each undeclared identifier is reported only once for each function it appears in
21:28:18 **** Incremental Build of configuration Debug for project TP2 ****
Info: Internal Builder is used for build
gcc -O0 -g3 -Wall -c -fmessage-length=0 -o "src\\ArrayEmployees.o" "..\\src\\ArrayEmployees.c" 
..\src\ArrayEmployees.c: In function 'employee_removeEmployee':
..\src\ArrayEmployees.c:106:38: error: 'index' undeclared (first use in this function)
  106 |  if(pArrayList != NULL && len > 0 && index < len && pArrayList[id].isEmpty == FALSE)
      |                                      ^~~~~
..\src\ArrayEmployees.c:106:38: note: each undeclared identifier is reported only once for each function it appears in
21:28:33 **** Incremental Build of configuration Debug for project TP2 ****
Info: Internal Builder is used for build
gcc -O0 -g3 -Wall -c -fmessage-length=0 -o "src\\ArrayEmployees.o" "..\\src\\ArrayEmployees.c" 
..\src\ArrayEmployees.c: In function 'employee_removeEmployee':
..\src\ArrayEmployees.c:106:38: error: 'index' undeclared (first use in this function)
  106 |  if(pArrayList != NULL && len > 0 && index < len && pArrayList[id].isEmpty == FALSE)
      |                                      ^~~~~
..\src\ArrayEmployees.c:106:38: note: each undeclared identifier is reported only once for each function it appears in
21:28:42 **** Incremental Build of configuration Debug for project TP2 ****
Info: Internal Builder is used for build
gcc -O0 -g3 -Wall -c -fmessage-length=0 -o "src\\TP2.o" "..\\src\\TP2.c" 
gcc -O0 -g3 -Wall -c -fmessage-length=0 -o "src\\ArrayEmployees.o" "..\\src\\ArrayEmployees.c" 
gcc -o TP2.exe "src\\ArrayEmployees.o" "src\\TP2.o" "src\\utn.o" 
Info: Nothing to build for TP2
21:29:30 **** Incremental Build of configuration Debug for project TP2 ****
Info: Internal Builder is used for build
gcc -O0 -g3 -Wall -c -fmessage-length=0 -o "src\\ArrayEmployees.o" "..\\src\\ArrayEmployees.c" 
gcc -O0 -g3 -Wall -c -fmessage-length=0 -o "src\\TP2.o" "..\\src\\TP2.c" 
gcc -o TP2.exe "src\\ArrayEmployees.o" "src\\TP2.o" "src\\utn.o" 
c:/mingw/bin/../lib/gcc/mingw32/9.2.0/../../../../mingw32/bin/ld.exe: cannot open output file TP2.exe: Permission denied
collect2.exe: error: ld returned 1 exit status
21:33:32 **** Incremental Build of configuration Debug for project TP2 ****
Info: Internal Builder is used for build
gcc -O0 -g3 -Wall -c -fmessage-length=0 -o "src\\ArrayEmployees.o" "..\\src\\ArrayEmployees.c" 
gcc -O0 -g3 -Wall -c -fmessage-length=0 -o "src\\TP2.o" "..\\src\\TP2.c" 
gcc -o TP2.exe "src\\ArrayEmployees.o" "src\\TP2.o" "src\\utn.o" 
Info: Nothing to build for TP2
21:35:32 **** Incremental Build of configuration Debug for project TP2 ****
Info: Internal Builder is used for build
gcc -O0 -g3 -Wall -c -fmessage-length=0 -o "src\\TP2.o" "..\\src\\TP2.c" 
gcc -o TP2.exe "src\\ArrayEmployees.o" "src\\TP2.o" "src\\utn.o" 
Info: Nothing to build for TP2
21:44:00 **** Incremental Build of configuration Debug for project TP2 ****
Info: Internal Builder is used for build
gcc -O0 -g3 -Wall -c -fmessage-length=0 -o "src\\TP2.o" "..\\src\\TP2.c" 
gcc -O0 -g3 -Wall -c -fmessage-length=0 -o "src\\ArrayEmployees.o" "..\\src\\ArrayEmployees.c" 
gcc -o TP2.exe "src\\ArrayEmployees.o" "src\\TP2.o" "src\\utn.o" 
Info: Nothing to build for TP2
21:50:13 **** Incremental Build of configuration Debug for project TP2 ****
Info: Internal Builder is used for build
gcc -O0 -g3 -Wall -c -fmessage-length=0 -o "src\\TP2.o" "..\\src\\TP2.c" 
gcc -O0 -g3 -Wall -c -fmessage-length=0 -o "src\\ArrayEmployees.o" "..\\src\\ArrayEmployees.c" 
gcc -o TP2.exe "src\\ArrayEmployees.o" "src\\TP2.o" "src\\utn.o" 
Info: Nothing to build for TP2
21:56:07 **** Incremental Build of configuration Debug for project TP2 ****
Info: Internal Builder is used for build
gcc -O0 -g3 -Wall -c -fmessage-length=0 -o "src\\ArrayEmployees.o" "..\\src\\ArrayEmployees.c" 
gcc -o TP2.exe "src\\ArrayEmployees.o" "src\\TP2.o" "src\\utn.o" 
Info: Nothing to build for TP2
22:10:48 **** Incremental Build of configuration Debug for project TP2 ****
Info: Internal Builder is used for build
gcc -O0 -g3 -Wall -c -fmessage-length=0 -o "src\\ArrayEmployees.o" "..\\src\\ArrayEmployees.c" 
..\src\ArrayEmployees.c:155:5: error: conflicting types for 'employee_findEmployeeById'
  155 | int employee_findEmployeeById(Employee* pArrayList, int len, int* pid)
      |     ^~~~~~~~~~~~~~~~~~~~~~~~~
In file included from ..\src\ArrayEmployees.c:12:
..\src\ArrayEmployees.h:29:5: note: previous declaration of 'employee_findEmployeeById' was here
   29 | int employee_findEmployeeById(Employee* pArrayList, int len, int* pIndex, int id);
      |     ^~~~~~~~~~~~~~~~~~~~~~~~~
..\src\ArrayEmployees.c: In function 'employee_findEmployeeById':
..\src\ArrayEmployees.c:164:28: error: 'id' undeclared (first use in this function); did you mean 'i'?
  164 |     if(pArrayList[i].id == id) // Estaba poniendo pArrayList[id].id == id, tenía que poner en vez de [id] era [i]
      |                            ^~
      |                            i
..\src\ArrayEmployees.c:164:28: note: each undeclared identifier is reported only once for each function it appears in
..\src\ArrayEmployees.c:166:7: error: 'pId' undeclared (first use in this function); did you mean 'pid'?
  166 |      *pId = i;
      |       ^~~
      |       pid
22:11:00 **** Incremental Build of configuration Debug for project TP2 ****
Info: Internal Builder is used for build
gcc -O0 -g3 -Wall -c -fmessage-length=0 -o "src\\TP2.o" "..\\src\\TP2.c" 
gcc -O0 -g3 -Wall -c -fmessage-length=0 -o "src\\ArrayEmployees.o" "..\\src\\ArrayEmployees.c" 
..\src\ArrayEmployees.c:155:5: error: conflicting types for 'employee_findEmployeeById'
  155 | int employee_findEmployeeById(Employee* pArrayList, int len, int* pId)
      |     ^~~~~~~~~~~~~~~~~~~~~~~~~
In file included from ..\src\ArrayEmployees.c:12:
..\src\ArrayEmployees.h:29:5: note: previous declaration of 'employee_findEmployeeById' was here
   29 | int employee_findEmployeeById(Employee* pArrayList, int len, int* pIndex, int id);
      |     ^~~~~~~~~~~~~~~~~~~~~~~~~
..\src\ArrayEmployees.c: In function 'employee_findEmployeeById':
..\src\ArrayEmployees.c:164:28: error: 'id' undeclared (first use in this function); did you mean 'i'?
  164 |     if(pArrayList[i].id == id) // Estaba poniendo pArrayList[id].id == id, tenía que poner en vez de [id] era [i]
      |                            ^~
      |                            i
..\src\ArrayEmployees.c:164:28: note: each undeclared identifier is reported only once for each function it appears in
22:11:14 **** Incremental Build of configuration Debug for project TP2 ****
Info: Internal Builder is used for build
gcc -O0 -g3 -Wall -c -fmessage-length=0 -o "src\\ArrayEmployees.o" "..\\src\\ArrayEmployees.c" 
..\src\ArrayEmployees.c: In function 'employee_findEmployeeById':
..\src\ArrayEmployees.c:164:28: error: 'id' undeclared (first use in this function); did you mean 'i'?
  164 |     if(pArrayList[i].id == id) // Estaba poniendo pArrayList[id].id == id, tenía que poner en vez de [id] era [i]
      |                            ^~
      |                            i
..\src\ArrayEmployees.c:164:28: note: each undeclared identifier is reported only once for each function it appears in
22:12:42 **** Incremental Build of configuration Debug for project TP2 ****
Info: Internal Builder is used for build
gcc -O0 -g3 -Wall -c -fmessage-length=0 -o "src\\ArrayEmployees.o" "..\\src\\ArrayEmployees.c" 
..\src\ArrayEmployees.c:155:5: error: conflicting types for 'employee_findEmployeeById'
  155 | int employee_findEmployeeById(Employee* pArrayList, int len, int* pIndex, int id)
      |     ^~~~~~~~~~~~~~~~~~~~~~~~~
In file included from ..\src\ArrayEmployees.c:12:
..\src\ArrayEmployees.h:29:5: note: previous declaration of 'employee_findEmployeeById' was here
   29 | int employee_findEmployeeById(Employee* pArrayList, int len, int* pId);
      |     ^~~~~~~~~~~~~~~~~~~~~~~~~
22:13:00 **** Incremental Build of configuration Debug for project TP2 ****
Info: Internal Builder is used for build
gcc -O0 -g3 -Wall -c -fmessage-length=0 -o "src\\ArrayEmployees.o" "..\\src\\ArrayEmployees.c" 
gcc -O0 -g3 -Wall -c -fmessage-length=0 -o "src\\TP2.o" "..\\src\\TP2.c" 
gcc -o TP2.exe "src\\ArrayEmployees.o" "src\\TP2.o" "src\\utn.o" 
Info: Nothing to build for TP2
22:13:39 **** Incremental Build of configuration Debug for project TP2 ****
Info: Internal Builder is used for build
gcc -O0 -g3 -Wall -c -fmessage-length=0 -o "src\\TP2.o" "..\\src\\TP2.c" 
gcc -o TP2.exe "src\\ArrayEmployees.o" "src\\TP2.o" "src\\utn.o" 
Info: Nothing to build for TP2
22:14:54 **** Incremental Build of configuration Debug for project TP2 ****
Info: Internal Builder is used for build
gcc -O0 -g3 -Wall -c -fmessage-length=0 -o "src\\TP2.o" "..\\src\\TP2.c" 
gcc -o TP2.exe "src\\ArrayEmployees.o" "src\\TP2.o" "src\\utn.o" 
Info: Nothing to build for TP2
22:16:21 **** Incremental Build of configuration Debug for project TP2 ****
Info: Internal Builder is used for build
gcc -O0 -g3 -Wall -c -fmessage-length=0 -o "src\\TP2.o" "..\\src\\TP2.c" 
gcc -o TP2.exe "src\\ArrayEmployees.o" "src\\TP2.o" "src\\utn.o" 
Info: Nothing to build for TP2
22:18:43 **** Incremental Build of configuration Debug for project TP2 ****
Info: Internal Builder is used for build
gcc -O0 -g3 -Wall -c -fmessage-length=0 -o "src\\ArrayEmployees.o" "..\\src\\ArrayEmployees.c" 
gcc -O0 -g3 -Wall -c -fmessage-length=0 -o "src\\TP2.o" "..\\src\\TP2.c" 
gcc -o TP2.exe "src\\ArrayEmployees.o" "src\\TP2.o" "src\\utn.o" 
c:/mingw/bin/../lib/gcc/mingw32/9.2.0/../../../../mingw32/bin/ld.exe: cannot open output file TP2.exe: Permission denied
collect2.exe: error: ld returned 1 exit status
22:18:46 **** Incremental Build of configuration Debug for project TP2 ****
Info: Internal Builder is used for build
gcc -o TP2.exe "src\\ArrayEmployees.o" "src\\TP2.o" "src\\utn.o" 
Info: Nothing to build for TP2
22:20:42 **** Incremental Build of configuration Debug for project TP2 ****
Info: Internal Builder is used for build
gcc -O0 -g3 -Wall -c -fmessage-length=0 -o "src\\TP2.o" "..\\src\\TP2.c" 
gcc -o TP2.exe "src\\ArrayEmployees.o" "src\\TP2.o" "src\\utn.o" 
22:21:52 **** Incremental Build of configuration Debug for project TP2 ****
Info: Internal Builder is used for build
gcc -O0 -g3 -Wall -c -fmessage-length=0 -o "src\\ArrayEmployees.o" "..\\src\\ArrayEmployees.c" 
gcc -o TP2.exe "src\\ArrayEmployees.o" "src\\TP2.o" "src\\utn.o" 
Info: Nothing to build for TP2
22:24:59 **** Incremental Build of configuration Debug for project TP2 ****
Info: Internal Builder is used for build
gcc -O0 -g3 -Wall -c -fmessage-length=0 -o "src\\TP2.o" "..\\src\\TP2.c" 
..\src\TP2.c: In function 'main':
..\src\TP2.c:38:6: warning: unused variable 'idCounter' [-Wunused-variable]
   38 |  int idCounter = 0;
      |      ^~~~~~~~~
gcc -O0 -g3 -Wall -c -fmessage-length=0 -o "src\\ArrayEmployees.o" "..\\src\\ArrayEmployees.c" 
gcc -o TP2.exe "src\\ArrayEmployees.o" "src\\TP2.o" "src\\utn.o" 
c:/mingw/bin/../lib/gcc/mingw32/9.2.0/../../../../mingw32/bin/ld.exe: cannot open output file TP2.exe: Permission denied
collect2.exe: error: ld returned 1 exit status
22:25:06 **** Incremental Build of configuration Debug for project TP2 ****
Info: Internal Builder is used for build
gcc -o TP2.exe "src\\ArrayEmployees.o" "src\\TP2.o" "src\\utn.o" 
Info: Nothing to build for TP2
22:26:16 **** Incremental Build of configuration Debug for project TP2 ****
Info: Internal Builder is used for build
gcc -O0 -g3 -Wall -c -fmessage-length=0 -o "src\\TP2.o" "..\\src\\TP2.c" 
gcc -o TP2.exe "src\\ArrayEmployees.o" "src\\TP2.o" "src\\utn.o" 
Info: Nothing to build for TP2
Info: Nothing to build for TP2
22:34:49 **** Incremental Build of configuration Debug for project TP2 ****
Info: Internal Builder is used for build
gcc -O0 -g3 -Wall -c -fmessage-length=0 -o "src\\TP2.o" "..\\src\\TP2.c" 
gcc -o TP2.exe "src\\ArrayEmployees.o" "src\\TP2.o" "src\\utn.o" 
22:40:28 **** Incremental Build of configuration Debug for project TP2 ****
Info: Internal Builder is used for build
gcc -O0 -g3 -Wall -c -fmessage-length=0 -o "src\\ArrayEmployees.o" "..\\src\\ArrayEmployees.c" 
..\src\ArrayEmployees.c: In function 'employee_removeEmployee':
..\src\ArrayEmployees.c:110:13: warning: 'i' may be used uninitialized in this function [-Wmaybe-uninitialized]
  110 |   pArrayList[i].id--;
      |             ^
gcc -o TP2.exe "src\\ArrayEmployees.o" "src\\TP2.o" "src\\utn.o" 
22:40:37 **** Incremental Build of configuration Debug for project TP2 ****
Info: Internal Builder is used for build
gcc -O0 -g3 -Wall -c -fmessage-length=0 -o "src\\ArrayEmployees.o" "..\\src\\ArrayEmployees.c" 
gcc -o TP2.exe "src\\ArrayEmployees.o" "src\\TP2.o" "src\\utn.o" 
Info: Nothing to build for TP2
22:44:48 **** Incremental Build of configuration Debug for project TP2 ****
Info: Internal Builder is used for build
gcc -O0 -g3 -Wall -c -fmessage-length=0 -o "src\\ArrayEmployees.o" "..\\src\\ArrayEmployees.c" 
gcc -O0 -g3 -Wall -c -fmessage-length=0 -o "src\\TP2.o" "..\\src\\TP2.c" 
..\src\TP2.c: In function 'main':
..\src\TP2.c:32:6: warning: unused variable 'idToRemove' [-Wunused-variable]
   32 |  int idToRemove;
      |      ^~~~~~~~~~
gcc -o TP2.exe "src\\ArrayEmployees.o" "src\\TP2.o" "src\\utn.o" 
c:/mingw/bin/../lib/gcc/mingw32/9.2.0/../../../../mingw32/bin/ld.exe: cannot open output file TP2.exe: Permission denied
collect2.exe: error: ld returned 1 exit status
22:44:55 **** Incremental Build of configuration Debug for project TP2 ****
Info: Internal Builder is used for build
gcc -O0 -g3 -Wall -c -fmessage-length=0 -o "src\\TP2.o" "..\\src\\TP2.c" 
gcc -o TP2.exe "src\\ArrayEmployees.o" "src\\TP2.o" "src\\utn.o" 
c:/mingw/bin/../lib/gcc/mingw32/9.2.0/../../../../mingw32/bin/ld.exe: cannot open output file TP2.exe: Permission denied
collect2.exe: error: ld returned 1 exit status
22:44:58 **** Incremental Build of configuration Debug for project TP2 ****
Info: Internal Builder is used for build
gcc -o TP2.exe "src\\ArrayEmployees.o" "src\\TP2.o" "src\\utn.o" 
Info: Nothing to build for TP2
22:48:55 **** Incremental Build of configuration Debug for project TP2 ****
Info: Internal Builder is used for build
gcc -O0 -g3 -Wall -c -fmessage-length=0 -o "src\\ArrayEmployees.o" "..\\src\\ArrayEmployees.c" 
gcc -O0 -g3 -Wall -c -fmessage-length=0 -o "src\\TP2.o" "..\\src\\TP2.c" 
gcc -o TP2.exe "src\\ArrayEmployees.o" "src\\TP2.o" "src\\utn.o" 
Info: Nothing to build for TP2
Info: Nothing to build for TP2
22:51:44 **** Incremental Build of configuration Debug for project TP2 ****
Info: Internal Builder is used for build
gcc -O0 -g3 -Wall -c -fmessage-length=0 -o "src\\TP2.o" "..\\src\\TP2.c" 
gcc -O0 -g3 -Wall -c -fmessage-length=0 -o "src\\ArrayEmployees.o" "..\\src\\ArrayEmployees.c" 
gcc -o TP2.exe "src\\ArrayEmployees.o" "src\\TP2.o" "src\\utn.o" 
Info: Nothing to build for TP2
22:53:00 **** Incremental Build of configuration Debug for project TP2 ****
Info: Internal Builder is used for build
gcc -O0 -g3 -Wall -c -fmessage-length=0 -o "src\\ArrayEmployees.o" "..\\src\\ArrayEmployees.c" 
gcc -o TP2.exe "src\\ArrayEmployees.o" "src\\TP2.o" "src\\utn.o" 
Info: Nothing to build for TP2
22:53:49 **** Incremental Build of configuration Debug for project TP2 ****
Info: Internal Builder is used for build
gcc -O0 -g3 -Wall -c -fmessage-length=0 -o "src\\ArrayEmployees.o" "..\\src\\ArrayEmployees.c" 
gcc -o TP2.exe "src\\ArrayEmployees.o" "src\\TP2.o" "src\\utn.o" 
Info: Nothing to build for TP2
22:55:32 **** Incremental Build of configuration Debug for project TP2 ****
Info: Internal Builder is used for build
gcc -O0 -g3 -Wall -c -fmessage-length=0 -o "src\\ArrayEmployees.o" "..\\src\\ArrayEmployees.c" 
..\src\ArrayEmployees.c: In function 'employee_removeEmployee':
..\src\ArrayEmployees.c:21:12: error: storage class specified for parameter 'generateNewId'
   21 | static int generateNewId(void);
      |            ^~~~~~~~~~~~~
..\src\ArrayEmployees.c:22:12: error: storage class specified for parameter 'compareElements'
   22 | static int compareElements(Employee employee1, Employee employee2, int order, int sort);
      |            ^~~~~~~~~~~~~~~
..\src\ArrayEmployees.c:37:1: error: expected '=', ',', ';', 'asm' or '__attribute__' before '{' token
   37 | {
      | ^
..\src\ArrayEmployees.c:68:1: error: expected '=', ',', ';', 'asm' or '__attribute__' before '{' token
   68 | {
      | ^
..\src\ArrayEmployees.c:104:1: error: expected '=', ',', ';', 'asm' or '__attribute__' before '{' token
  104 | {
      | ^
..\src\ArrayEmployees.c:117:1: error: expected '=', ',', ';', 'asm' or '__attribute__' before '{' token
  117 | {
      | ^
..\src\ArrayEmployees.c:127:1: error: expected '=', ',', ';', 'asm' or '__attribute__' before '{' token
  127 | {
      | ^
..\src\ArrayEmployees.c:154:1: error: expected '=', ',', ';', 'asm' or '__attribute__' before '{' token
  154 | {
      | ^
..\src\ArrayEmployees.c:184:1: error: expected '=', ',', ';', 'asm' or '__attribute__' before '{' token
  184 | {
      | ^
..\src\ArrayEmployees.c:214:1: error: expected '=', ',', ';', 'asm' or '__attribute__' before '{' token
  214 | {
      | ^
..\src\ArrayEmployees.c:244:1: error: expected '=', ',', ';', 'asm' or '__attribute__' before '{' token
  244 | {
      | ^
..\src\ArrayEmployees.c:290:1: error: expected '=', ',', ';', 'asm' or '__attribute__' before '{' token
  290 | {
      | ^
..\src\ArrayEmployees.c:327:1: error: expected '=', ',', ';', 'asm' or '__attribute__' before '{' token
  327 | {
      | ^
In file included from ..\src\ArrayEmployees.c:12:
..\src\ArrayEmployees.h:26:5: error: old-style parameter declarations in prototyped function definition
   26 | int employee_removeEmployee(Employee* pArrayList, int len, int index, int id)
      |     ^~~~~~~~~~~~~~~~~~~~~~~
..\src\ArrayEmployees.c:364: error: expected '{' at end of input
..\src\ArrayEmployees.c:363:1: warning: control reaches end of non-void function [-Wreturn-type]
  363 | }
      | ^
22:56:24 **** Incremental Build of configuration Debug for project TP2 ****
Info: Internal Builder is used for build
gcc -O0 -g3 -Wall -c -fmessage-length=0 -o "src\\ArrayEmployees.o" "..\\src\\ArrayEmployees.c" 
gcc -O0 -g3 -Wall -c -fmessage-length=0 -o "src\\TP2.o" "..\\src\\TP2.c" 
gcc -o TP2.exe "src\\ArrayEmployees.o" "src\\TP2.o" "src\\utn.o" 
Info: Nothing to build for TP2
22:59:25 **** Incremental Build of configuration Debug for project TP2 ****
Info: Internal Builder is used for build
gcc -O0 -g3 -Wall -c -fmessage-length=0 -o "src\\ArrayEmployees.o" "..\\src\\ArrayEmployees.c" 
..\src\ArrayEmployees.c: In function 'releaseId':
..\src\ArrayEmployees.c:131:2: error: 'id' undeclared (first use in this function)
  131 |  id = id-1;
      |  ^~
..\src\ArrayEmployees.c:131:2: note: each undeclared identifier is reported only once for each function it appears in
..\src\ArrayEmployees.c:133:1: warning: control reaches end of non-void function [-Wreturn-type]
  133 | }
      | ^
At top level:
..\src\ArrayEmployees.c:127:12: warning: 'releaseId' defined but not used [-Wunused-function]
  127 | static int releaseId(void)
      |            ^~~~~~~~~
22:59:43 **** Incremental Build of configuration Debug for project TP2 ****
Info: Internal Builder is used for build
gcc -O0 -g3 -Wall -c -fmessage-length=0 -o "src\\ArrayEmployees.o" "..\\src\\ArrayEmployees.c" 
..\src\ArrayEmployees.c:127:12: warning: 'releaseId' defined but not used [-Wunused-function]
  127 | static int releaseId(void)
      |            ^~~~~~~~~
..\src\ArrayEmployees.c: In function 'releaseId':
..\src\ArrayEmployees.c:131:6: warning: 'id' is used uninitialized in this function [-Wuninitialized]
  131 |  int id = id-1;
      |      ^~
gcc -o TP2.exe "src\\ArrayEmployees.o" "src\\TP2.o" "src\\utn.o" 
c:/mingw/bin/../lib/gcc/mingw32/9.2.0/../../../../mingw32/bin/ld.exe: cannot open output file TP2.exe: Permission denied
collect2.exe: error: ld returned 1 exit status
22:59:47 **** Incremental Build of configuration Debug for project TP2 ****
Info: Internal Builder is used for build
gcc -o TP2.exe "src\\ArrayEmployees.o" "src\\TP2.o" "src\\utn.o" 
23:01:13 **** Incremental Build of configuration Debug for project TP2 ****
Info: Internal Builder is used for build
gcc -O0 -g3 -Wall -c -fmessage-length=0 -o "src\\ArrayEmployees.o" "..\\src\\ArrayEmployees.c" 
..\src\ArrayEmployees.c: In function 'employee_removeEmployee':
..\src\ArrayEmployees.c:106:11: warning: variable 'bufferEmployee' set but not used [-Wunused-but-set-variable]
  106 |  Employee bufferEmployee;
      |           ^~~~~~~~~~~~~~
..\src\ArrayEmployees.c: In function 'releaseId':
..\src\ArrayEmployees.c:131:6: warning: 'id' is used uninitialized in this function [-Wuninitialized]
  131 |  int id = id-1;
      |      ^~
gcc -o TP2.exe "src\\ArrayEmployees.o" "src\\TP2.o" "src\\utn.o" 
23:01:51 **** Incremental Build of configuration Debug for project TP2 ****
Info: Internal Builder is used for build
gcc -O0 -g3 -Wall -c -fmessage-length=0 -o "src\\ArrayEmployees.o" "..\\src\\ArrayEmployees.c" 
..\src\ArrayEmployees.c: In function 'employee_removeEmployee':
..\src\ArrayEmployees.c:106:11: warning: variable 'bufferEmployee' set but not used [-Wunused-but-set-variable]
  106 |  Employee bufferEmployee;
      |           ^~~~~~~~~~~~~~
..\src\ArrayEmployees.c: In function 'releaseId':
..\src\ArrayEmployees.c:131:6: warning: 'id' is used uninitialized in this function [-Wuninitialized]
  131 |  int id = id-1;
      |      ^~
gcc -o TP2.exe "src\\ArrayEmployees.o" "src\\TP2.o" "src\\utn.o" 
23:06:10 **** Incremental Build of configuration Debug for project TP2 ****
Info: Internal Builder is used for build
gcc -O0 -g3 -Wall -c -fmessage-length=0 -o "src\\ArrayEmployees.o" "..\\src\\ArrayEmployees.c" 
..\src\ArrayEmployees.c: In function 'employee_removeEmployee':
..\src\ArrayEmployees.c:107:11: warning: variable 'bufferEmployee' set but not used [-Wunused-but-set-variable]
  107 |  Employee bufferEmployee;
      |           ^~~~~~~~~~~~~~
gcc -o TP2.exe "src\\ArrayEmployees.o" "src\\TP2.o" "src\\utn.o" 
c:/mingw/bin/../lib/gcc/mingw32/9.2.0/../../../../mingw32/bin/ld.exe: cannot open output file TP2.exe: Permission denied
collect2.exe: error: ld returned 1 exit status
23:06:18 **** Incremental Build of configuration Debug for project TP2 ****
Info: Internal Builder is used for build
gcc -o TP2.exe "src\\ArrayEmployees.o" "src\\TP2.o" "src\\utn.o" 
Info: Nothing to build for TP2
23:21:20 **** Incremental Build of configuration Debug for project TP2 ****
Info: Internal Builder is used for build
gcc -O0 -g3 -Wall -c -fmessage-length=0 -o "src\\ArrayEmployees.o" "..\\src\\ArrayEmployees.c" 
..\src\ArrayEmployees.c: In function 'employee_removeEmployee':
..\src\ArrayEmployees.c:108:11: warning: variable 'bufferEmployee' set but not used [-Wunused-but-set-variable]
  108 |  Employee bufferEmployee;
      |           ^~~~~~~~~~~~~~
gcc -o TP2.exe "src\\ArrayEmployees.o" "src\\TP2.o" "src\\utn.o" 
c:/mingw/bin/../lib/gcc/mingw32/9.2.0/../../../../mingw32/bin/ld.exe: cannot open output file TP2.exe: Permission denied
collect2.exe: error: ld returned 1 exit status
23:21:23 **** Incremental Build of configuration Debug for project TP2 ****
Info: Internal Builder is used for build
gcc -o TP2.exe "src\\ArrayEmployees.o" "src\\TP2.o" "src\\utn.o" 
Info: Nothing to build for TP2
Info: Nothing to build for TP2
Info: Nothing to build for TP2
23:24:22 **** Incremental Build of configuration Debug for project TP2 ****
Info: Internal Builder is used for build
gcc -O0 -g3 -Wall -c -fmessage-length=0 -o "src\\ArrayEmployees.o" "..\\src\\ArrayEmployees.c" 
..\src\ArrayEmployees.c: In function 'employee_removeEmployee':
..\src\ArrayEmployees.c:108:11: warning: unused variable 'bufferEmployee' [-Wunused-variable]
  108 |  Employee bufferEmployee;
      |           ^~~~~~~~~~~~~~
gcc -o TP2.exe "src\\ArrayEmployees.o" "src\\TP2.o" "src\\utn.o" 
c:/mingw/bin/../lib/gcc/mingw32/9.2.0/../../../../mingw32/bin/ld.exe: cannot open output file TP2.exe: Permission denied
collect2.exe: error: ld returned 1 exit status
23:24:25 **** Incremental Build of configuration Debug for project TP2 ****
Info: Internal Builder is used for build
gcc -o TP2.exe "src\\ArrayEmployees.o" "src\\TP2.o" "src\\utn.o" 
Info: Nothing to build for TP2
23:42:14 **** Incremental Build of configuration Debug for project TP2 ****
Info: Internal Builder is used for build
gcc -O0 -g3 -Wall -c -fmessage-length=0 -o "src\\ArrayEmployees.o" "..\\src\\ArrayEmployees.c" 
..\src\ArrayEmployees.c: In function 'employee_removeEmployee':
..\src\ArrayEmployees.c:108:11: warning: unused variable 'bufferEmployee' [-Wunused-variable]
  108 |  Employee bufferEmployee;
      |           ^~~~~~~~~~~~~~
..\src\ArrayEmployees.c: At top level:
..\src\ArrayEmployees.c:134:12: error: conflicting types for 'releaseId'
  134 | static int releaseId(int idToRelease)
      |            ^~~~~~~~~
..\src\ArrayEmployees.c:22:12: note: previous declaration of 'releaseId' was here
   22 | static int releaseId(void);
      |            ^~~~~~~~~
..\src\ArrayEmployees.c:22:12: warning: 'releaseId' used but never defined
..\src\ArrayEmployees.c:24:12: warning: array 'freeIds' assumed to have one element
   24 | static int freeIds[];
      |            ^~~~~~~
..\src\ArrayEmployees.c:134:12: warning: 'releaseId' defined but not used [-Wunused-function]
  134 | static int releaseId(int idToRelease)
      |            ^~~~~~~~~
23:42:49 **** Incremental Build of configuration Debug for project TP2 ****
Info: Internal Builder is used for build
gcc -O0 -g3 -Wall -c -fmessage-length=0 -o "src\\ArrayEmployees.o" "..\\src\\ArrayEmployees.c" 
..\src\ArrayEmployees.c: In function 'releaseId':
..\src\ArrayEmployees.c:23:12: error: storage class specified for parameter 'compareElements'
   23 | static int compareElements(Employee employee1, Employee employee2, int order, int sort);
      |            ^~~~~~~~~~~~~~~
..\src\ArrayEmployees.c:24:12: error: storage class specified for parameter 'freeIds'
   24 | static int freeIds[];
      |            ^~~~~~~
..\src\ArrayEmployees.c:25:12: error: storage class specified for parameter 'len'
   25 | static int len = 0;
      |            ^~~
..\src\ArrayEmployees.c:25:1: error: parameter 'len' is initialized
   25 | static int len = 0;
      | ^~~~~~
..\src\ArrayEmployees.c:40:1: error: expected '=', ',', ';', 'asm' or '__attribute__' before '{' token
   40 | {
      | ^
..\src\ArrayEmployees.c:71:1: error: expected '=', ',', ';', 'asm' or '__attribute__' before '{' token
   71 | {
      | ^
..\src\ArrayEmployees.c:107:1: error: expected '=', ',', ';', 'asm' or '__attribute__' before '{' token
  107 | {
      | ^
..\src\ArrayEmployees.c:122:1: error: expected '=', ',', ';', 'asm' or '__attribute__' before '{' token
  122 | {
      | ^
..\src\ArrayEmployees.c:135:1: error: expected '=', ',', ';', 'asm' or '__attribute__' before '{' token
  135 | {
      | ^
..\src\ArrayEmployees.c:142:1: error: expected '=', ',', ';', 'asm' or '__attribute__' before '{' token
  142 | {
      | ^
..\src\ArrayEmployees.c:169:1: error: expected '=', ',', ';', 'asm' or '__attribute__' before '{' token
  169 | {
      | ^
..\src\ArrayEmployees.c:199:1: error: expected '=', ',', ';', 'asm' or '__attribute__' before '{' token
  199 | {
      | ^
..\src\ArrayEmployees.c:229:1: error: expected '=', ',', ';', 'asm' or '__attribute__' before '{' token
  229 | {
      | ^
..\src\ArrayEmployees.c:259:1: error: expected '=', ',', ';', 'asm' or '__attribute__' before '{' token
  259 | {
      | ^
..\src\ArrayEmployees.c:305:1: error: expected '=', ',', ';', 'asm' or '__attribute__' before '{' token
  305 | {
      | ^
..\src\ArrayEmployees.c:342:1: error: expected '=', ',', ';', 'asm' or '__attribute__' before '{' token
  342 | {
      | ^
..\src\ArrayEmployees.c:22:12: error: old-style parameter declarations in prototyped function definition
   22 | static int releaseId(int idToRelease)
      |            ^~~~~~~~~
..\src\ArrayEmployees.c:379: error: expected '{' at end of input
..\src\ArrayEmployees.c:378:1: warning: no return statement in function returning non-void [-Wreturn-type]
  378 | }
      | ^
..\src\ArrayEmployees.c: At top level:
..\src\ArrayEmployees.c:21:12: warning: 'generateNewId' declared 'static' but never defined [-Wunused-function]
   21 | static int generateNewId(void);
      |            ^~~~~~~~~~~~~
..\src\ArrayEmployees.c:22:12: warning: 'releaseId' defined but not used [-Wunused-function]
   22 | static int releaseId(int idToRelease)
      |            ^~~~~~~~~
23:42:54 **** Incremental Build of configuration Debug for project TP2 ****
Info: Internal Builder is used for build
gcc -O0 -g3 -Wall -c -fmessage-length=0 -o "src\\ArrayEmployees.o" "..\\src\\ArrayEmployees.c" 
..\src\ArrayEmployees.c: In function 'employee_removeEmployee':
..\src\ArrayEmployees.c:114:3: error: too few arguments to function 'releaseId'
  114 |   releaseId();
      |   ^~~~~~~~~
..\src\ArrayEmployees.c:22:12: note: declared here
   22 | static int releaseId(int idToRelease);
      |            ^~~~~~~~~
..\src\ArrayEmployees.c:108:11: warning: unused variable 'bufferEmployee' [-Wunused-variable]
  108 |  Employee bufferEmployee;
      |           ^~~~~~~~~~~~~~
..\src\ArrayEmployees.c: At top level:
..\src\ArrayEmployees.c:24:12: warning: array 'freeIds' assumed to have one element
   24 | static int freeIds[];
      |            ^~~~~~~
23:43:37 **** Incremental Build of configuration Debug for project TP2 ****
Info: Internal Builder is used for build
gcc -O0 -g3 -Wall -c -fmessage-length=0 -o "src\\ArrayEmployees.o" "..\\src\\ArrayEmployees.c" 
..\src\ArrayEmployees.c:24:12: warning: array 'freeIds' assumed to have one element
   24 | static int freeIds[];
      |            ^~~~~~~
gcc -o TP2.exe "src\\ArrayEmployees.o" "src\\TP2.o" "src\\utn.o" 
Info: Nothing to build for TP2
23:48:33 **** Incremental Build of configuration Debug for project TP2 ****
Info: Internal Builder is used for build
gcc -O0 -g3 -Wall -c -fmessage-length=0 -o "src\\ArrayEmployees.o" "..\\src\\ArrayEmployees.c" 
..\src\ArrayEmployees.c:24:12: warning: array 'freeIds' assumed to have one element
   24 | static int freeIds[];
      |            ^~~~~~~
gcc -o TP2.exe "src\\ArrayEmployees.o" "src\\TP2.o" "src\\utn.o" 
Info: Nothing to build for TP2
23:50:25 **** Incremental Build of configuration Debug for project TP2 ****
Info: Internal Builder is used for build
gcc -O0 -g3 -Wall -c -fmessage-length=0 -o "src\\ArrayEmployees.o" "..\\src\\ArrayEmployees.c" 
..\src\ArrayEmployees.c:24:12: warning: array 'freeIds' assumed to have one element
   24 | static int freeIds[];
      |            ^~~~~~~
gcc -o TP2.exe "src\\ArrayEmployees.o" "src\\TP2.o" "src\\utn.o" 
Info: Nothing to build for TP2
23:52:17 **** Incremental Build of configuration Debug for project TP2 ****
Info: Internal Builder is used for build
gcc -O0 -g3 -Wall -c -fmessage-length=0 -o "src\\ArrayEmployees.o" "..\\src\\ArrayEmployees.c" 
..\src\ArrayEmployees.c:24:12: warning: array 'freeIds' assumed to have one element
   24 | static int freeIds[];
      |            ^~~~~~~
gcc -o TP2.exe "src\\ArrayEmployees.o" "src\\TP2.o" "src\\utn.o" 
c:/mingw/bin/../lib/gcc/mingw32/9.2.0/../../../../mingw32/bin/ld.exe: cannot open output file TP2.exe: Permission denied
collect2.exe: error: ld returned 1 exit status
23:52:34 **** Incremental Build of configuration Debug for project TP2 ****
Info: Internal Builder is used for build
gcc -O0 -g3 -Wall -c -fmessage-length=0 -o "src\\ArrayEmployees.o" "..\\src\\ArrayEmployees.c" 
gcc -o TP2.exe "src\\ArrayEmployees.o" "src\\TP2.o" "src\\utn.o" 
c:/mingw/bin/../lib/gcc/mingw32/9.2.0/../../../../mingw32/bin/ld.exe: cannot open output file TP2.exe: Permission denied
collect2.exe: error: ld returned 1 exit status
23:53:04 **** Incremental Build of configuration Debug for project TP2 ****
Info: Internal Builder is used for build
gcc -O0 -g3 -Wall -c -fmessage-length=0 -o "src\\ArrayEmployees.o" "..\\src\\ArrayEmployees.c" 
gcc -o TP2.exe "src\\ArrayEmployees.o" "src\\TP2.o" "src\\utn.o" 
Info: Nothing to build for TP2
23:56:25 **** Incremental Build of configuration Debug for project TP2 ****
Info: Internal Builder is used for build
gcc -O0 -g3 -Wall -c -fmessage-length=0 -o "src\\ArrayEmployees.o" "..\\src\\ArrayEmployees.c" 
gcc -o TP2.exe "src\\ArrayEmployees.o" "src\\TP2.o" "src\\utn.o" 
c:/mingw/bin/../lib/gcc/mingw32/9.2.0/../../../../mingw32/bin/ld.exe: cannot open output file TP2.exe: Permission denied
collect2.exe: error: ld returned 1 exit status
00:02:54 **** Incremental Build of configuration Debug for project TP2 ****
Info: Internal Builder is used for build
gcc -O0 -g3 -Wall -c -fmessage-length=0 -o "src\\ArrayEmployees.o" "..\\src\\ArrayEmployees.c" 
..\src\ArrayEmployees.c: In function 'generateNewId':
..\src\ArrayEmployees.c:129:13: warning: implicit declaration of function 'returnId' [-Wimplicit-function-declaration]
  129 |   int aux = returnId();
      |             ^~~~~~~~
..\src\ArrayEmployees.c: In function 'returnId':
..\src\ArrayEmployees.c:147:19: warning: comparison of constant '1000' with boolean expression is always true [-Wbool-compare]
  147 |  if(1 <freeIds[0] < 1000) {
      |                   ^
..\src\ArrayEmployees.c:147:7: warning: comparisons like 'X<=Y<=Z' do not have their mathematical meaning [-Wparentheses]
  147 |  if(1 <freeIds[0] < 1000) {
      |     ~~^~~~~~~~~~~
..\src\ArrayEmployees.c:149:20: warning: comparison of constant '1000' with boolean expression is always true [-Wbool-compare]
  149 |   if(1 <freeIds[1] < 1000) {
      |                    ^
..\src\ArrayEmployees.c:149:8: warning: comparisons like 'X<=Y<=Z' do not have their mathematical meaning [-Wparentheses]
  149 |   if(1 <freeIds[1] < 1000) {
      |      ~~^~~~~~~~~~~
gcc -o TP2.exe "src\\ArrayEmployees.o" "src\\TP2.o" "src\\utn.o" 
00:04:32 **** Incremental Build of configuration Debug for project TP2 ****
Info: Internal Builder is used for build
gcc -O0 -g3 -Wall -c -fmessage-length=0 -o "src\\TP2.o" "..\\src\\TP2.c" 
gcc -O0 -g3 -Wall -c -fmessage-length=0 -o "src\\ArrayEmployees.o" "..\\src\\ArrayEmployees.c" 
..\src\ArrayEmployees.c: In function 'returnId':
..\src\ArrayEmployees.c:149:20: warning: comparison of constant '1000' with boolean expression is always true [-Wbool-compare]
  149 |   if(1 <freeIds[1] < QTY_EMPLOYEES) {
      |                    ^
..\src\ArrayEmployees.c:149:8: warning: comparisons like 'X<=Y<=Z' do not have their mathematical meaning [-Wparentheses]
  149 |   if(1 <freeIds[1] < QTY_EMPLOYEES) {
      |      ~~^~~~~~~~~~~
..\src\ArrayEmployees.c:156:1: warning: control reaches end of non-void function [-Wreturn-type]
  156 | }
      | ^
gcc -o TP2.exe "src\\ArrayEmployees.o" "src\\TP2.o" "src\\utn.o" 
00:05:21 **** Incremental Build of configuration Debug for project TP2 ****
Info: Internal Builder is used for build
gcc -O0 -g3 -Wall -c -fmessage-length=0 -o "src\\ArrayEmployees.o" "..\\src\\ArrayEmployees.c" 
..\src\ArrayEmployees.c: In function 'returnId':
..\src\ArrayEmployees.c:149:3: warning: implicit declaration of function 'iff' [-Wimplicit-function-declaration]
  149 |   iff(1 < freeIds[0] && freeIds[0] < QTY_EMPLOYEES) {
      |   ^~~
..\src\ArrayEmployees.c:149:52: error: expected ';' before '{' token
  149 |   iff(1 < freeIds[0] && freeIds[0] < QTY_EMPLOYEES) {
      |                                                    ^~
      |                                                    ;
..\src\ArrayEmployees.c:148:7: warning: unused variable 'aux' [-Wunused-variable]
  148 |   int aux = freeIds[0];
      |       ^~~
..\src\ArrayEmployees.c:156:1: warning: control reaches end of non-void function [-Wreturn-type]
  156 | }
      | ^
00:05:28 **** Incremental Build of configuration Debug for project TP2 ****
Info: Internal Builder is used for build
gcc -O0 -g3 -Wall -c -fmessage-length=0 -o "src\\ArrayEmployees.o" "..\\src\\ArrayEmployees.c" 
..\src\ArrayEmployees.c: In function 'returnId':
..\src\ArrayEmployees.c:156:1: warning: control reaches end of non-void function [-Wreturn-type]
  156 | }
      | ^
gcc -o TP2.exe "src\\ArrayEmployees.o" "src\\TP2.o" "src\\utn.o" 
00:05:40 **** Incremental Build of configuration Debug for project TP2 ****
Info: Internal Builder is used for build
gcc -O0 -g3 -Wall -c -fmessage-length=0 -o "src\\ArrayEmployees.o" "..\\src\\ArrayEmployees.c" 
..\src\ArrayEmployees.c: In function 'returnId':
..\src\ArrayEmployees.c:148:7: warning: unused variable 'aux' [-Wunused-variable]
  148 |   int aux = freeIds[0];
      |       ^~~
..\src\ArrayEmployees.c:155:9: error: 'aux' undeclared (first use in this function)
  155 |  return aux;
      |         ^~~
..\src\ArrayEmployees.c:155:9: note: each undeclared identifier is reported only once for each function it appears in
..\src\ArrayEmployees.c:157:1: warning: control reaches end of non-void function [-Wreturn-type]
  157 | }
      | ^
00:06:00 **** Incremental Build of configuration Debug for project TP2 ****
Info: Internal Builder is used for build
gcc -O0 -g3 -Wall -c -fmessage-length=0 -o "src\\ArrayEmployees.o" "..\\src\\ArrayEmployees.c" 
gcc -o TP2.exe "src\\ArrayEmployees.o" "src\\TP2.o" "src\\utn.o" 
Info: Nothing to build for TP2
00:20:43 **** Incremental Build of configuration Debug for project TP2 ****
Info: Internal Builder is used for build
gcc -O0 -g3 -Wall -c -fmessage-length=0 -o "src\\ArrayEmployees.o" "..\\src\\ArrayEmployees.c" 
gcc -O0 -g3 -Wall -c -fmessage-length=0 -o "src\\TP2.o" "..\\src\\TP2.c" 
..\src\TP2.c: In function 'main':
..\src\TP2.c:23:26: error: 'QTY_EMPLOYEES' undeclared (first use in this function)
   23 |  Employee arrayEmployees[QTY_EMPLOYEES];
      |                          ^~~~~~~~~~~~~
..\src\TP2.c:23:26: note: each undeclared identifier is reported only once for each function it appears in
..\src\TP2.c:23:11: warning: unused variable 'arrayEmployees' [-Wunused-variable]
   23 |  Employee arrayEmployees[QTY_EMPLOYEES];
      |           ^~~~~~~~~~~~~~
00:21:17 **** Incremental Build of configuration Debug for project TP2 ****
Info: Internal Builder is used for build
gcc -O0 -g3 -Wall -c -fmessage-length=0 -o "src\\TP2.o" "..\\src\\TP2.c" 
gcc -O0 -g3 -Wall -c -fmessage-length=0 -o "src\\ArrayEmployees.o" "..\\src\\ArrayEmployees.c" 
..\src\ArrayEmployees.c:25:20: error: 'QTY_EMPLOYEES' undeclared here (not in a function)
   25 | static int freeIds[QTY_EMPLOYEES];
      |                    ^~~~~~~~~~~~~
..\src\ArrayEmployees.c:25:12: warning: 'freeIds' defined but not used [-Wunused-variable]
   25 | static int freeIds[QTY_EMPLOYEES];
      |            ^~~~~~~
00:21:29 **** Incremental Build of configuration Debug for project TP2 ****
Info: Internal Builder is used for build
gcc -O0 -g3 -Wall -c -fmessage-length=0 -o "src\\ArrayEmployees.o" "..\\src\\ArrayEmployees.c" 
gcc -o TP2.exe "src\\ArrayEmployees.o" "src\\TP2.o" "src\\utn.o" 
c:/mingw/bin/../lib/gcc/mingw32/9.2.0/../../../../mingw32/bin/ld.exe: cannot open output file TP2.exe: Permission denied
collect2.exe: error: ld returned 1 exit status
00:21:36 **** Incremental Build of configuration Debug for project TP2 ****
Info: Internal Builder is used for build
gcc -o TP2.exe "src\\ArrayEmployees.o" "src\\TP2.o" "src\\utn.o" 
00:22:08 **** Incremental Build of configuration Debug for project TP2 ****
Info: Internal Builder is used for build
gcc -O0 -g3 -Wall -c -fmessage-length=0 -o "src\\ArrayEmployees.o" "..\\src\\ArrayEmployees.c" 
gcc -o TP2.exe "src\\ArrayEmployees.o" "src\\TP2.o" "src\\utn.o" 
Info: Nothing to build for TP2
00:43:47 **** Incremental Build of configuration Debug for project TP2 ****
Info: Internal Builder is used for build
gcc -O0 -g3 -Wall -c -fmessage-length=0 -o "src\\ArrayEmployees.o" "..\\src\\ArrayEmployees.c" 
gcc -o TP2.exe "src\\ArrayEmployees.o" "src\\TP2.o" "src\\utn.o" 
c:/mingw/bin/../lib/gcc/mingw32/9.2.0/../../../../mingw32/bin/ld.exe: cannot open output file TP2.exe: Permission denied
collect2.exe: error: ld returned 1 exit status
00:43:49 **** Incremental Build of configuration Debug for project TP2 ****
Info: Internal Builder is used for build
gcc -o TP2.exe "src\\ArrayEmployees.o" "src\\TP2.o" "src\\utn.o" 
Info: Nothing to build for TP2
Info: Nothing to build for TP2
00:47:29 **** Incremental Build of configuration Debug for project TP2 ****
Info: Internal Builder is used for build
gcc -O0 -g3 -Wall -c -fmessage-length=0 -o "src\\ArrayEmployees.o" "..\\src\\ArrayEmployees.c" 
gcc -o TP2.exe "src\\ArrayEmployees.o" "src\\TP2.o" "src\\utn.o" 
00:47:44 **** Incremental Build of configuration Debug for project TP2 ****
Info: Internal Builder is used for build
gcc -O0 -g3 -Wall -c -fmessage-length=0 -o "src\\TP2.o" "..\\src\\TP2.c" 
gcc -o TP2.exe "src\\ArrayEmployees.o" "src\\TP2.o" "src\\utn.o" 
01:16:01 **** Incremental Build of configuration Debug for project TP2 ****
Info: Internal Builder is used for build
gcc -O0 -g3 -Wall -c -fmessage-length=0 -o "src\\TP2.o" "..\\src\\TP2.c" 
..\src\TP2.c: In function 'main':
..\src\TP2.c:49:4: error: expected expression before '{' token
   49 |    {
      |    ^
..\src\TP2.c:40:6: warning: unused variable 'counterEmployee' [-Wunused-variable]
   40 |  int counterEmployee = 0;
      |      ^~~~~~~~~~~~~~~
..\src\TP2.c:37:6: warning: unused variable 'greaterThanAverage' [-Wunused-variable]
   37 |  int greaterThanAverage;
      |      ^~~~~~~~~~~~~~~~~~
..\src\TP2.c:36:8: warning: unused variable 'averageSalary' [-Wunused-variable]
   36 |  float averageSalary;
      |        ^~~~~~~~~~~~~
..\src\TP2.c:35:8: warning: unused variable 'totalSalary' [-Wunused-variable]
   35 |  float totalSalary;
      |        ^~~~~~~~~~~
..\src\TP2.c:32:6: warning: unused variable 'index' [-Wunused-variable]
   32 |  int index; // No tengo claro esto
      |      ^~~~~
..\src\TP2.c:31:6: warning: unused variable 'idToModify' [-Wunused-variable]
   31 |  int idToModify; // No tengo claro esto
      |      ^~~~~~~~~~
..\src\TP2.c:30:6: warning: unused variable 'freeIndex' [-Wunused-variable]
   30 |  int freeIndex; // No tengo claro esto
      |      ^~~~~~~~~
..\src\TP2.c:29:6: warning: unused variable 'orderOption' [-Wunused-variable]
   29 |  int orderOption;
      |      ^~~~~~~~~~~
..\src\TP2.c:28:6: warning: unused variable 'reportOption' [-Wunused-variable]
   28 |  int reportOption;
      |      ^~~~~~~~~~~~
01:16:18 **** Incremental Build of configuration Debug for project TP2 ****
Info: Internal Builder is used for build
gcc -O0 -g3 -Wall -c -fmessage-length=0 -o "src\\TP2.o" "..\\src\\TP2.c" 
gcc -o TP2.exe "src\\ArrayEmployees.o" "src\\TP2.o" "src\\utn.o" 
c:/mingw/bin/../lib/gcc/mingw32/9.2.0/../../../../mingw32/bin/ld.exe: cannot open output file TP2.exe: Permission denied
collect2.exe: error: ld returned 1 exit status
01:16:21 **** Incremental Build of configuration Debug for project TP2 ****
Info: Internal Builder is used for build
gcc -o TP2.exe "src\\ArrayEmployees.o" "src\\TP2.o" "src\\utn.o" 
02:21:51 **** Incremental Build of configuration Debug for project TP2 ****
Info: Internal Builder is used for build
gcc -O0 -g3 -Wall -c -fmessage-length=0 -o "src\\ArrayEmployees.o" "..\\src\\ArrayEmployees.c" 
gcc -O0 -g3 -Wall -c -fmessage-length=0 -o "src\\TP2.o" "..\\src\\TP2.c" 
gcc -o TP2.exe "src\\ArrayEmployees.o" "src\\TP2.o" "src\\utn.o" 
Info: Nothing to build for TP2
02:24:13 **** Incremental Build of configuration Debug for project TP2 ****
Info: Internal Builder is used for build
gcc -O0 -g3 -Wall -c -fmessage-length=0 -o "src\\TP2.o" "..\\src\\TP2.c" 
gcc -o TP2.exe "src\\ArrayEmployees.o" "src\\TP2.o" "src\\utn.o" 
Info: Nothing to build for TP2
02:26:38 **** Incremental Build of configuration Debug for project TP2 ****
Info: Internal Builder is used for build
gcc -O0 -g3 -Wall -c -fmessage-length=0 -o "src\\TP2.o" "..\\src\\TP2.c" 
gcc -o TP2.exe "src\\ArrayEmployees.o" "src\\TP2.o" "src\\utn.o" 
Info: Nothing to build for TP2
Info: Nothing to build for TP2
Info: Nothing to build for TP2
Info: Nothing to build for TP2
Info: Nothing to build for TP2
03:02:08 **** Incremental Build of configuration Debug for project TP2 ****
Info: Internal Builder is used for build
gcc -O0 -g3 -Wall -c -fmessage-length=0 -o "src\\ArrayEmployees.o" "..\\src\\ArrayEmployees.c" 
gcc -O0 -g3 -Wall -c -fmessage-length=0 -o "src\\TP2.o" "..\\src\\TP2.c" 
gcc -o TP2.exe "src\\ArrayEmployees.o" "src\\TP2.o" "src\\utn.o" 
Info: Nothing to build for TP2
03:14:59 **** Incremental Build of configuration Debug for project TP2 ****
Info: Internal Builder is used for build
gcc -O0 -g3 -Wall -c -fmessage-length=0 -o "src\\utn.o" "..\\src\\utn.c" 
..\src\utn.c: In function 'utn_itIsAValidName':
..\src\utn.c:277:6: warning: implicit declaration of function 'isOnlyLettersAndSpace' [-Wimplicit-function-declaration]
  277 |   if(isOnlyLettersAndSpace(array) == 0)
      |      ^~~~~~~~~~~~~~~~~~~~~
..\src\utn.c: At top level:
..\src\utn.c:291:12: error: static declaration of 'isOnlyLettersAndSpace' follows non-static declaration
  291 | static int isOnlyLettersAndSpace(char cadena[])
      |            ^~~~~~~~~~~~~~~~~~~~~
..\src\utn.c:277:6: note: previous implicit declaration of 'isOnlyLettersAndSpace' was here
  277 |   if(isOnlyLettersAndSpace(array) == 0)
      |      ^~~~~~~~~~~~~~~~~~~~~
..\src\utn.c: In function 'utn_getPhone':
..\src\utn.c:374:6: warning: implicit declaration of function 'isPhone' [-Wimplicit-function-declaration]
  374 |     (isPhone(bufferString)==1))
      |      ^~~~~~~
..\src\utn.c: At top level:
..\src\utn.c:399:12: error: static declaration of 'isPhone' follows non-static declaration
  399 | static int isPhone(char cadena[])
      |            ^~~~~~~
..\src\utn.c:374:6: note: previous implicit declaration of 'isPhone' was here
  374 |     (isPhone(bufferString)==1))
      |      ^~~~~~~
..\src\utn.c: In function 'utn_getAlphaNum':
..\src\utn.c:445:6: warning: implicit declaration of function 'isAlphNum' [-Wimplicit-function-declaration]
  445 |     (isAlphNum(bufferString)==1))
      |      ^~~~~~~~~
..\src\utn.c: At top level:
..\src\utn.c:470:12: error: static declaration of 'isAlphNum' follows non-static declaration
  470 | static int isAlphNum(char cadena[])
      |            ^~~~~~~~~
..\src\utn.c:445:6: note: previous implicit declaration of 'isAlphNum' was here
  445 |     (isAlphNum(bufferString)==1))
      |      ^~~~~~~~~
..\src\utn.c:470:12: warning: 'isAlphNum' defined but not used [-Wunused-function]
  470 | static int isAlphNum(char cadena[])
      |            ^~~~~~~~~
..\src\utn.c:399:12: warning: 'isPhone' defined but not used [-Wunused-function]
  399 | static int isPhone(char cadena[])
      |            ^~~~~~~
..\src\utn.c:291:12: warning: 'isOnlyLettersAndSpace' defined but not used [-Wunused-function]
  291 | static int isOnlyLettersAndSpace(char cadena[])
      |            ^~~~~~~~~~~~~~~~~~~~~
03:15:13 **** Incremental Build of configuration Debug for project TP2 ****
Info: Internal Builder is used for build
gcc -O0 -g3 -Wall -c -fmessage-length=0 -o "src\\utn.o" "..\\src\\utn.c" 
..\src\utn.c: In function 'utn_getPhone':
..\src\utn.c:375:6: warning: implicit declaration of function 'isPhone' [-Wimplicit-function-declaration]
  375 |     (isPhone(bufferString)==1))
      |      ^~~~~~~
..\src\utn.c: At top level:
..\src\utn.c:400:12: error: static declaration of 'isPhone' follows non-static declaration
  400 | static int isPhone(char cadena[])
      |            ^~~~~~~
..\src\utn.c:375:6: note: previous implicit declaration of 'isPhone' was here
  375 |     (isPhone(bufferString)==1))
      |      ^~~~~~~
..\src\utn.c: In function 'utn_getAlphaNum':
..\src\utn.c:446:6: warning: implicit declaration of function 'isAlphNum' [-Wimplicit-function-declaration]
  446 |     (isAlphNum(bufferString)==1))
      |      ^~~~~~~~~
..\src\utn.c: At top level:
..\src\utn.c:471:12: error: static declaration of 'isAlphNum' follows non-static declaration
  471 | static int isAlphNum(char cadena[])
      |            ^~~~~~~~~
..\src\utn.c:446:6: note: previous implicit declaration of 'isAlphNum' was here
  446 |     (isAlphNum(bufferString)==1))
      |      ^~~~~~~~~
..\src\utn.c:471:12: warning: 'isAlphNum' defined but not used [-Wunused-function]
  471 | static int isAlphNum(char cadena[])
      |            ^~~~~~~~~
..\src\utn.c:400:12: warning: 'isPhone' defined but not used [-Wunused-function]
  400 | static int isPhone(char cadena[])
      |            ^~~~~~~
03:15:23 **** Incremental Build of configuration Debug for project TP2 ****
Info: Internal Builder is used for build
gcc -O0 -g3 -Wall -c -fmessage-length=0 -o "src\\utn.o" "..\\src\\utn.c" 
..\src\utn.c: In function 'utn_getPhone':
..\src\utn.c:376:6: warning: implicit declaration of function 'isPhone' [-Wimplicit-function-declaration]
  376 |     (isPhone(bufferString)==1))
      |      ^~~~~~~
..\src\utn.c: At top level:
..\src\utn.c:401:12: error: static declaration of 'isPhone' follows non-static declaration
  401 | static int isPhone(char cadena[])
      |            ^~~~~~~
..\src\utn.c:376:6: note: previous implicit declaration of 'isPhone' was here
  376 |     (isPhone(bufferString)==1))
      |      ^~~~~~~
..\src\utn.c:401:12: warning: 'isPhone' defined but not used [-Wunused-function]
  401 | static int isPhone(char cadena[])
      |            ^~~~~~~
03:16:02 **** Incremental Build of configuration Debug for project TP2 ****
Info: Internal Builder is used for build
gcc -O0 -g3 -Wall -c -fmessage-length=0 -o "src\\utn.o" "..\\src\\utn.c" 
gcc -o TP2.exe "src\\ArrayEmployees.o" "src\\TP2.o" "src\\utn.o" 
03:17:17 **** Incremental Build of configuration Debug for project TP2 ****
Info: Internal Builder is used for build
gcc -O0 -g3 -Wall -c -fmessage-length=0 -o "src\\utn.o" "..\\src\\utn.c" 
gcc -O0 -g3 -Wall -c -fmessage-length=0 -o "src\\TP2.o" "..\\src\\TP2.c" 
gcc -O0 -g3 -Wall -c -fmessage-length=0 -o "src\\ArrayEmployees.o" "..\\src\\ArrayEmployees.c" 
gcc -o TP2.exe "src\\ArrayEmployees.o" "src\\TP2.o" "src\\utn.o" 
Info: Nothing to build for TP2
Info: Nothing to build for TP2
03:23:05 **** Incremental Build of configuration Debug for project TP2 ****
Info: Internal Builder is used for build
gcc -O0 -g3 -Wall -c -fmessage-length=0 -o "src\\TP2.o" "..\\src\\TP2.c" 
gcc -O0 -g3 -Wall -c -fmessage-length=0 -o "src\\ArrayEmployees.o" "..\\src\\ArrayEmployees.c" 
gcc -o TP2.exe "src\\ArrayEmployees.o" "src\\TP2.o" "src\\utn.o" 
03:30:58 **** Incremental Build of configuration Debug for project TP2 ****
Info: Internal Builder is used for build
gcc -O0 -g3 -Wall -c -fmessage-length=0 -o "src\\TP2.o" "..\\src\\TP2.c" 
gcc -o TP2.exe "src\\ArrayEmployees.o" "src\\TP2.o" "src\\utn.o" 
03:36:12 **** Incremental Build of configuration Debug for project TP2 ****
Info: Internal Builder is used for build
gcc -O0 -g3 -Wall -c -fmessage-length=0 -o "src\\TP2.o" "..\\src\\TP2.c" 
gcc -o TP2.exe "src\\ArrayEmployees.o" "src\\TP2.o" "src\\utn.o" 
Info: Nothing to build for TP2
